The target system is: Linux -  - i486
The host system is: Linux - 3.13.0-24-generic - i686
Determining if files pthread.h exist passed with the following output:
Change Dir: /home/sabina/SDKnao/naoqi-sdk-linux/doc/examples/core/server/build-naotoolchain/CMakeFiles/CMakeTmp

Run Build Command:/usr/bin/make "cmTryCompileExec3548339445/fast"
/usr/bin/make -f CMakeFiles/cmTryCompileExec3548339445.dir/build.make CMakeFiles/cmTryCompileExec3548339445.dir/build
make[1]: Verzeichnis »/home/sabina/SDKnao/naoqi-sdk-linux/doc/examples/core/server/build-naotoolchain/CMakeFiles/CMakeTmp« wird betreten
/usr/bin/cmake -E cmake_progress_report /home/sabina/SDKnao/naoqi-sdk-linux/doc/examples/core/server/build-naotoolchain/CMakeFiles/CMakeTmp/CMakeFiles 1
Building C object CMakeFiles/cmTryCompileExec3548339445.dir/CheckIncludeFiles.c.o
/home/sabina/SDKnao/linuxcross/cross/bin/i686-aldebaran-linux-gnu-gcc   --sysroot /home/sabina/SDKnao/linuxcross//sysroot/ -pipe -fomit-frame-pointer -fno-align-jumps -fno-align-functions -fno-align-labels -fno-align-loops -m32 -mtune=generic -DOE_CROSS_BUILD    -o CMakeFiles/cmTryCompileExec3548339445.dir/CheckIncludeFiles.c.o   -c /home/sabina/SDKnao/naoqi-sdk-linux/doc/examples/core/server/build-naotoolchain/CMakeFiles/CMakeTmp/CheckIncludeFiles.c
Linking C executable cmTryCompileExec3548339445
/usr/bin/cmake -E cmake_link_script CMakeFiles/cmTryCompileExec3548339445.dir/link.txt --verbose=1
/home/sabina/SDKnao/linuxcross/cross/bin/i686-aldebaran-linux-gnu-gcc   --sysroot /home/sabina/SDKnao/linuxcross//sysroot/ -pipe -fomit-frame-pointer -fno-align-jumps -fno-align-functions -fno-align-labels -fno-align-loops -m32 -mtune=generic -DOE_CROSS_BUILD   -Wl,--sysroot,/home/sabina/SDKnao/linuxcross//sysroot/ CMakeFiles/cmTryCompileExec3548339445.dir/CheckIncludeFiles.c.o  -o cmTryCompileExec3548339445 -rdynamic 
make[1]: Verzeichnis »/home/sabina/SDKnao/naoqi-sdk-linux/doc/examples/core/server/build-naotoolchain/CMakeFiles/CMakeTmp« wird verlassen


Determining if the function pthread_create exists in the pthread passed with the following output:
Change Dir: /home/sabina/SDKnao/naoqi-sdk-linux/doc/examples/core/server/build-naotoolchain/CMakeFiles/CMakeTmp

Run Build Command:/usr/bin/make "cmTryCompileExec124187068/fast"
/usr/bin/make -f CMakeFiles/cmTryCompileExec124187068.dir/build.make CMakeFiles/cmTryCompileExec124187068.dir/build
make[1]: Verzeichnis »/home/sabina/SDKnao/naoqi-sdk-linux/doc/examples/core/server/build-naotoolchain/CMakeFiles/CMakeTmp« wird betreten
/usr/bin/cmake -E cmake_progress_report /home/sabina/SDKnao/naoqi-sdk-linux/doc/examples/core/server/build-naotoolchain/CMakeFiles/CMakeTmp/CMakeFiles 1
Building C object CMakeFiles/cmTryCompileExec124187068.dir/CheckFunctionExists.c.o
/home/sabina/SDKnao/linuxcross/cross/bin/i686-aldebaran-linux-gnu-gcc   --sysroot /home/sabina/SDKnao/linuxcross//sysroot/ -pipe -fomit-frame-pointer -fno-align-jumps -fno-align-functions -fno-align-labels -fno-align-loops -m32 -mtune=generic -DOE_CROSS_BUILD -DCHECK_FUNCTION_EXISTS=pthread_create   -o CMakeFiles/cmTryCompileExec124187068.dir/CheckFunctionExists.c.o   -c /usr/share/cmake-2.8/Modules/CheckFunctionExists.c
Linking C executable cmTryCompileExec124187068
/usr/bin/cmake -E cmake_link_script CMakeFiles/cmTryCompileExec124187068.dir/link.txt --verbose=1
/home/sabina/SDKnao/linuxcross/cross/bin/i686-aldebaran-linux-gnu-gcc   --sysroot /home/sabina/SDKnao/linuxcross//sysroot/ -pipe -fomit-frame-pointer -fno-align-jumps -fno-align-functions -fno-align-labels -fno-align-loops -m32 -mtune=generic -DOE_CROSS_BUILD -DCHECK_FUNCTION_EXISTS=pthread_create  -Wl,--sysroot,/home/sabina/SDKnao/linuxcross//sysroot/ CMakeFiles/cmTryCompileExec124187068.dir/CheckFunctionExists.c.o  -o cmTryCompileExec124187068 -rdynamic -lpthread 
make[1]: Verzeichnis »/home/sabina/SDKnao/naoqi-sdk-linux/doc/examples/core/server/build-naotoolchain/CMakeFiles/CMakeTmp« wird verlassen


Determining if files pthread.h exist passed with the following output:
Change Dir: /home/sabina/SDKnao/naoqi-sdk-linux/doc/examples/core/server/build-naotoolchain/CMakeFiles/CMakeTmp

Run Build Command:/usr/bin/make "cmTryCompileExec2346640462/fast"
/usr/bin/make -f CMakeFiles/cmTryCompileExec2346640462.dir/build.make CMakeFiles/cmTryCompileExec2346640462.dir/build
make[1]: Verzeichnis »/home/sabina/SDKnao/naoqi-sdk-linux/doc/examples/core/server/build-naotoolchain/CMakeFiles/CMakeTmp« wird betreten
/usr/bin/cmake -E cmake_progress_report /home/sabina/SDKnao/naoqi-sdk-linux/doc/examples/core/server/build-naotoolchain/CMakeFiles/CMakeTmp/CMakeFiles 1
Building C object CMakeFiles/cmTryCompileExec2346640462.dir/CheckIncludeFiles.c.o
/home/sabina/SDKnao/linuxcross/cross/bin/i686-aldebaran-linux-gnu-gcc   --sysroot /home/sabina/SDKnao/linuxcross//sysroot/ -pipe -fomit-frame-pointer -fno-align-jumps -fno-align-functions -fno-align-labels -fno-align-loops -m32 -mtune=generic -DOE_CROSS_BUILD    -o CMakeFiles/cmTryCompileExec2346640462.dir/CheckIncludeFiles.c.o   -c /home/sabina/SDKnao/naoqi-sdk-linux/doc/examples/core/server/build-naotoolchain/CMakeFiles/CMakeTmp/CheckIncludeFiles.c
Linking C executable cmTryCompileExec2346640462
/usr/bin/cmake -E cmake_link_script CMakeFiles/cmTryCompileExec2346640462.dir/link.txt --verbose=1
/home/sabina/SDKnao/linuxcross/cross/bin/i686-aldebaran-linux-gnu-gcc   --sysroot /home/sabina/SDKnao/linuxcross//sysroot/ -pipe -fomit-frame-pointer -fno-align-jumps -fno-align-functions -fno-align-labels -fno-align-loops -m32 -mtune=generic -DOE_CROSS_BUILD   -Wl,--sysroot,/home/sabina/SDKnao/linuxcross//sysroot/ CMakeFiles/cmTryCompileExec2346640462.dir/CheckIncludeFiles.c.o  -o cmTryCompileExec2346640462 -rdynamic 
make[1]: Verzeichnis »/home/sabina/SDKnao/naoqi-sdk-linux/doc/examples/core/server/build-naotoolchain/CMakeFiles/CMakeTmp« wird verlassen


Determining if the function pthread_create exists in the pthread passed with the following output:
Change Dir: /home/sabina/SDKnao/naoqi-sdk-linux/doc/examples/core/server/build-naotoolchain/CMakeFiles/CMakeTmp

Run Build Command:/usr/bin/make "cmTryCompileExec1079858912/fast"
/usr/bin/make -f CMakeFiles/cmTryCompileExec1079858912.dir/build.make CMakeFiles/cmTryCompileExec1079858912.dir/build
make[1]: Verzeichnis »/home/sabina/SDKnao/naoqi-sdk-linux/doc/examples/core/server/build-naotoolchain/CMakeFiles/CMakeTmp« wird betreten
/usr/bin/cmake -E cmake_progress_report /home/sabina/SDKnao/naoqi-sdk-linux/doc/examples/core/server/build-naotoolchain/CMakeFiles/CMakeTmp/CMakeFiles 1
Building C object CMakeFiles/cmTryCompileExec1079858912.dir/CheckFunctionExists.c.o
/home/sabina/SDKnao/linuxcross/cross/bin/i686-aldebaran-linux-gnu-gcc   --sysroot /home/sabina/SDKnao/linuxcross//sysroot/ -pipe -fomit-frame-pointer -fno-align-jumps -fno-align-functions -fno-align-labels -fno-align-loops -m32 -mtune=generic -DOE_CROSS_BUILD -DCHECK_FUNCTION_EXISTS=pthread_create   -o CMakeFiles/cmTryCompileExec1079858912.dir/CheckFunctionExists.c.o   -c /usr/share/cmake-2.8/Modules/CheckFunctionExists.c
Linking C executable cmTryCompileExec1079858912
/usr/bin/cmake -E cmake_link_script CMakeFiles/cmTryCompileExec1079858912.dir/link.txt --verbose=1
/home/sabina/SDKnao/linuxcross/cross/bin/i686-aldebaran-linux-gnu-gcc   --sysroot /home/sabina/SDKnao/linuxcross//sysroot/ -pipe -fomit-frame-pointer -fno-align-jumps -fno-align-functions -fno-align-labels -fno-align-loops -m32 -mtune=generic -DOE_CROSS_BUILD -DCHECK_FUNCTION_EXISTS=pthread_create  -Wl,--sysroot,/home/sabina/SDKnao/linuxcross//sysroot/ CMakeFiles/cmTryCompileExec1079858912.dir/CheckFunctionExists.c.o  -o cmTryCompileExec1079858912 -rdynamic -lpthread 
make[1]: Verzeichnis »/home/sabina/SDKnao/naoqi-sdk-linux/doc/examples/core/server/build-naotoolchain/CMakeFiles/CMakeTmp« wird verlassen


Determining if files pthread.h exist passed with the following output:
Change Dir: /home/sabina/SDKnao/naoqi-sdk-linux/doc/examples/core/server/build-naotoolchain/CMakeFiles/CMakeTmp

Run Build Command:/usr/bin/make "cmTryCompileExec1718917495/fast"
/usr/bin/make -f CMakeFiles/cmTryCompileExec1718917495.dir/build.make CMakeFiles/cmTryCompileExec1718917495.dir/build
make[1]: Verzeichnis »/home/sabina/SDKnao/naoqi-sdk-linux/doc/examples/core/server/build-naotoolchain/CMakeFiles/CMakeTmp« wird betreten
/usr/bin/cmake -E cmake_progress_report /home/sabina/SDKnao/naoqi-sdk-linux/doc/examples/core/server/build-naotoolchain/CMakeFiles/CMakeTmp/CMakeFiles 1
Building C object CMakeFiles/cmTryCompileExec1718917495.dir/CheckIncludeFiles.c.o
/home/sabina/SDKnao/linuxcross/cross/bin/i686-aldebaran-linux-gnu-gcc   --sysroot /home/sabina/SDKnao/linuxcross//sysroot/ -pipe -fomit-frame-pointer -fno-align-jumps -fno-align-functions -fno-align-labels -fno-align-loops -m32 -mtune=generic -DOE_CROSS_BUILD    -o CMakeFiles/cmTryCompileExec1718917495.dir/CheckIncludeFiles.c.o   -c /home/sabina/SDKnao/naoqi-sdk-linux/doc/examples/core/server/build-naotoolchain/CMakeFiles/CMakeTmp/CheckIncludeFiles.c
Linking C executable cmTryCompileExec1718917495
/usr/bin/cmake -E cmake_link_script CMakeFiles/cmTryCompileExec1718917495.dir/link.txt --verbose=1
/home/sabina/SDKnao/linuxcross/cross/bin/i686-aldebaran-linux-gnu-gcc   --sysroot /home/sabina/SDKnao/linuxcross//sysroot/ -pipe -fomit-frame-pointer -fno-align-jumps -fno-align-functions -fno-align-labels -fno-align-loops -m32 -mtune=generic -DOE_CROSS_BUILD   -Wl,--sysroot,/home/sabina/SDKnao/linuxcross//sysroot/ CMakeFiles/cmTryCompileExec1718917495.dir/CheckIncludeFiles.c.o  -o cmTryCompileExec1718917495 -rdynamic 
make[1]: Verzeichnis »/home/sabina/SDKnao/naoqi-sdk-linux/doc/examples/core/server/build-naotoolchain/CMakeFiles/CMakeTmp« wird verlassen


Determining if the function pthread_create exists in the pthread passed with the following output:
Change Dir: /home/sabina/SDKnao/naoqi-sdk-linux/doc/examples/core/server/build-naotoolchain/CMakeFiles/CMakeTmp

Run Build Command:/usr/bin/make "cmTryCompileExec3105577146/fast"
/usr/bin/make -f CMakeFiles/cmTryCompileExec3105577146.dir/build.make CMakeFiles/cmTryCompileExec3105577146.dir/build
make[1]: Verzeichnis »/home/sabina/SDKnao/naoqi-sdk-linux/doc/examples/core/server/build-naotoolchain/CMakeFiles/CMakeTmp« wird betreten
/usr/bin/cmake -E cmake_progress_report /home/sabina/SDKnao/naoqi-sdk-linux/doc/examples/core/server/build-naotoolchain/CMakeFiles/CMakeTmp/CMakeFiles 1
Building C object CMakeFiles/cmTryCompileExec3105577146.dir/CheckFunctionExists.c.o
/home/sabina/SDKnao/linuxcross/cross/bin/i686-aldebaran-linux-gnu-gcc   --sysroot /home/sabina/SDKnao/linuxcross//sysroot/ -pipe -fomit-frame-pointer -fno-align-jumps -fno-align-functions -fno-align-labels -fno-align-loops -m32 -mtune=generic -DOE_CROSS_BUILD -DCHECK_FUNCTION_EXISTS=pthread_create   -o CMakeFiles/cmTryCompileExec3105577146.dir/CheckFunctionExists.c.o   -c /usr/share/cmake-2.8/Modules/CheckFunctionExists.c
Linking C executable cmTryCompileExec3105577146
/usr/bin/cmake -E cmake_link_script CMakeFiles/cmTryCompileExec3105577146.dir/link.txt --verbose=1
/home/sabina/SDKnao/linuxcross/cross/bin/i686-aldebaran-linux-gnu-gcc   --sysroot /home/sabina/SDKnao/linuxcross//sysroot/ -pipe -fomit-frame-pointer -fno-align-jumps -fno-align-functions -fno-align-labels -fno-align-loops -m32 -mtune=generic -DOE_CROSS_BUILD -DCHECK_FUNCTION_EXISTS=pthread_create  -Wl,--sysroot,/home/sabina/SDKnao/linuxcross//sysroot/ CMakeFiles/cmTryCompileExec3105577146.dir/CheckFunctionExists.c.o  -o cmTryCompileExec3105577146 -rdynamic -lpthread 
make[1]: Verzeichnis »/home/sabina/SDKnao/naoqi-sdk-linux/doc/examples/core/server/build-naotoolchain/CMakeFiles/CMakeTmp« wird verlassen


Determining if files pthread.h exist passed with the following output:
Change Dir: /home/sabina/SDKnao/naoqi-sdk-linux/doc/examples/core/server/build-naotoolchain/CMakeFiles/CMakeTmp

Run Build Command:/usr/bin/make "cmTryCompileExec2186789056/fast"
/usr/bin/make -f CMakeFiles/cmTryCompileExec2186789056.dir/build.make CMakeFiles/cmTryCompileExec2186789056.dir/build
make[1]: Verzeichnis »/home/sabina/SDKnao/naoqi-sdk-linux/doc/examples/core/server/build-naotoolchain/CMakeFiles/CMakeTmp« wird betreten
/usr/bin/cmake -E cmake_progress_report /home/sabina/SDKnao/naoqi-sdk-linux/doc/examples/core/server/build-naotoolchain/CMakeFiles/CMakeTmp/CMakeFiles 1
Building C object CMakeFiles/cmTryCompileExec2186789056.dir/CheckIncludeFiles.c.o
/home/sabina/SDKnao/linuxcross/cross/bin/i686-aldebaran-linux-gnu-gcc   --sysroot /home/sabina/SDKnao/linuxcross//sysroot/ -pipe -fomit-frame-pointer -fno-align-jumps -fno-align-functions -fno-align-labels -fno-align-loops -m32 -mtune=generic -DOE_CROSS_BUILD    -o CMakeFiles/cmTryCompileExec2186789056.dir/CheckIncludeFiles.c.o   -c /home/sabina/SDKnao/naoqi-sdk-linux/doc/examples/core/server/build-naotoolchain/CMakeFiles/CMakeTmp/CheckIncludeFiles.c
Linking C executable cmTryCompileExec2186789056
/usr/bin/cmake -E cmake_link_script CMakeFiles/cmTryCompileExec2186789056.dir/link.txt --verbose=1
/home/sabina/SDKnao/linuxcross/cross/bin/i686-aldebaran-linux-gnu-gcc   --sysroot /home/sabina/SDKnao/linuxcross//sysroot/ -pipe -fomit-frame-pointer -fno-align-jumps -fno-align-functions -fno-align-labels -fno-align-loops -m32 -mtune=generic -DOE_CROSS_BUILD   -Wl,--sysroot,/home/sabina/SDKnao/linuxcross//sysroot/ CMakeFiles/cmTryCompileExec2186789056.dir/CheckIncludeFiles.c.o  -o cmTryCompileExec2186789056 -rdynamic 
make[1]: Verzeichnis »/home/sabina/SDKnao/naoqi-sdk-linux/doc/examples/core/server/build-naotoolchain/CMakeFiles/CMakeTmp« wird verlassen


Determining if the function pthread_create exists in the pthread passed with the following output:
Change Dir: /home/sabina/SDKnao/naoqi-sdk-linux/doc/examples/core/server/build-naotoolchain/CMakeFiles/CMakeTmp

Run Build Command:/usr/bin/make "cmTryCompileExec3762836354/fast"
/usr/bin/make -f CMakeFiles/cmTryCompileExec3762836354.dir/build.make CMakeFiles/cmTryCompileExec3762836354.dir/build
make[1]: Verzeichnis »/home/sabina/SDKnao/naoqi-sdk-linux/doc/examples/core/server/build-naotoolchain/CMakeFiles/CMakeTmp« wird betreten
/usr/bin/cmake -E cmake_progress_report /home/sabina/SDKnao/naoqi-sdk-linux/doc/examples/core/server/build-naotoolchain/CMakeFiles/CMakeTmp/CMakeFiles 1
Building C object CMakeFiles/cmTryCompileExec3762836354.dir/CheckFunctionExists.c.o
/home/sabina/SDKnao/linuxcross/cross/bin/i686-aldebaran-linux-gnu-gcc   --sysroot /home/sabina/SDKnao/linuxcross//sysroot/ -pipe -fomit-frame-pointer -fno-align-jumps -fno-align-functions -fno-align-labels -fno-align-loops -m32 -mtune=generic -DOE_CROSS_BUILD -DCHECK_FUNCTION_EXISTS=pthread_create   -o CMakeFiles/cmTryCompileExec3762836354.dir/CheckFunctionExists.c.o   -c /usr/share/cmake-2.8/Modules/CheckFunctionExists.c
Linking C executable cmTryCompileExec3762836354
/usr/bin/cmake -E cmake_link_script CMakeFiles/cmTryCompileExec3762836354.dir/link.txt --verbose=1
/home/sabina/SDKnao/linuxcross/cross/bin/i686-aldebaran-linux-gnu-gcc   --sysroot /home/sabina/SDKnao/linuxcross//sysroot/ -pipe -fomit-frame-pointer -fno-align-jumps -fno-align-functions -fno-align-labels -fno-align-loops -m32 -mtune=generic -DOE_CROSS_BUILD -DCHECK_FUNCTION_EXISTS=pthread_create  -Wl,--sysroot,/home/sabina/SDKnao/linuxcross//sysroot/ CMakeFiles/cmTryCompileExec3762836354.dir/CheckFunctionExists.c.o  -o cmTryCompileExec3762836354 -rdynamic -lpthread 
make[1]: Verzeichnis »/home/sabina/SDKnao/naoqi-sdk-linux/doc/examples/core/server/build-naotoolchain/CMakeFiles/CMakeTmp« wird verlassen


Determining if files pthread.h exist passed with the following output:
Change Dir: /home/sabina/SDKnao/naoqi-sdk-linux/doc/examples/core/server/build-naotoolchain/CMakeFiles/CMakeTmp

Run Build Command:/usr/bin/make "cmTryCompileExec4117318727/fast"
/usr/bin/make -f CMakeFiles/cmTryCompileExec4117318727.dir/build.make CMakeFiles/cmTryCompileExec4117318727.dir/build
make[1]: Verzeichnis »/home/sabina/SDKnao/naoqi-sdk-linux/doc/examples/core/server/build-naotoolchain/CMakeFiles/CMakeTmp« wird betreten
/usr/bin/cmake -E cmake_progress_report /home/sabina/SDKnao/naoqi-sdk-linux/doc/examples/core/server/build-naotoolchain/CMakeFiles/CMakeTmp/CMakeFiles 1
Building C object CMakeFiles/cmTryCompileExec4117318727.dir/CheckIncludeFiles.c.o
/home/sabina/SDKnao/linuxcross/cross/bin/i686-aldebaran-linux-gnu-gcc   --sysroot /home/sabina/SDKnao/linuxcross//sysroot/ -pipe -fomit-frame-pointer -fno-align-jumps -fno-align-functions -fno-align-labels -fno-align-loops -m32 -mtune=generic -DOE_CROSS_BUILD    -o CMakeFiles/cmTryCompileExec4117318727.dir/CheckIncludeFiles.c.o   -c /home/sabina/SDKnao/naoqi-sdk-linux/doc/examples/core/server/build-naotoolchain/CMakeFiles/CMakeTmp/CheckIncludeFiles.c
Linking C executable cmTryCompileExec4117318727
/usr/bin/cmake -E cmake_link_script CMakeFiles/cmTryCompileExec4117318727.dir/link.txt --verbose=1
/home/sabina/SDKnao/linuxcross/cross/bin/i686-aldebaran-linux-gnu-gcc   --sysroot /home/sabina/SDKnao/linuxcross//sysroot/ -pipe -fomit-frame-pointer -fno-align-jumps -fno-align-functions -fno-align-labels -fno-align-loops -m32 -mtune=generic -DOE_CROSS_BUILD   -Wl,--sysroot,/home/sabina/SDKnao/linuxcross//sysroot/ CMakeFiles/cmTryCompileExec4117318727.dir/CheckIncludeFiles.c.o  -o cmTryCompileExec4117318727 -rdynamic 
make[1]: Verzeichnis »/home/sabina/SDKnao/naoqi-sdk-linux/doc/examples/core/server/build-naotoolchain/CMakeFiles/CMakeTmp« wird verlassen


Determining if the function pthread_create exists in the pthread passed with the following output:
Change Dir: /home/sabina/SDKnao/naoqi-sdk-linux/doc/examples/core/server/build-naotoolchain/CMakeFiles/CMakeTmp

Run Build Command:/usr/bin/make "cmTryCompileExec3256307570/fast"
/usr/bin/make -f CMakeFiles/cmTryCompileExec3256307570.dir/build.make CMakeFiles/cmTryCompileExec3256307570.dir/build
make[1]: Verzeichnis »/home/sabina/SDKnao/naoqi-sdk-linux/doc/examples/core/server/build-naotoolchain/CMakeFiles/CMakeTmp« wird betreten
/usr/bin/cmake -E cmake_progress_report /home/sabina/SDKnao/naoqi-sdk-linux/doc/examples/core/server/build-naotoolchain/CMakeFiles/CMakeTmp/CMakeFiles 1
Building C object CMakeFiles/cmTryCompileExec3256307570.dir/CheckFunctionExists.c.o
/home/sabina/SDKnao/linuxcross/cross/bin/i686-aldebaran-linux-gnu-gcc   --sysroot /home/sabina/SDKnao/linuxcross//sysroot/ -pipe -fomit-frame-pointer -fno-align-jumps -fno-align-functions -fno-align-labels -fno-align-loops -m32 -mtune=generic -DOE_CROSS_BUILD -DCHECK_FUNCTION_EXISTS=pthread_create   -o CMakeFiles/cmTryCompileExec3256307570.dir/CheckFunctionExists.c.o   -c /usr/share/cmake-2.8/Modules/CheckFunctionExists.c
Linking C executable cmTryCompileExec3256307570
/usr/bin/cmake -E cmake_link_script CMakeFiles/cmTryCompileExec3256307570.dir/link.txt --verbose=1
/home/sabina/SDKnao/linuxcross/cross/bin/i686-aldebaran-linux-gnu-gcc   --sysroot /home/sabina/SDKnao/linuxcross//sysroot/ -pipe -fomit-frame-pointer -fno-align-jumps -fno-align-functions -fno-align-labels -fno-align-loops -m32 -mtune=generic -DOE_CROSS_BUILD -DCHECK_FUNCTION_EXISTS=pthread_create  -Wl,--sysroot,/home/sabina/SDKnao/linuxcross//sysroot/ CMakeFiles/cmTryCompileExec3256307570.dir/CheckFunctionExists.c.o  -o cmTryCompileExec3256307570 -rdynamic -lpthread 
make[1]: Verzeichnis »/home/sabina/SDKnao/naoqi-sdk-linux/doc/examples/core/server/build-naotoolchain/CMakeFiles/CMakeTmp« wird verlassen


Determining if files pthread.h exist passed with the following output:
Change Dir: /home/sabina/SDKnao/naoqi-sdk-linux/doc/examples/core/server/build-naotoolchain/CMakeFiles/CMakeTmp

Run Build Command:/usr/bin/make "cmTryCompileExec3780433941/fast"
/usr/bin/make -f CMakeFiles/cmTryCompileExec3780433941.dir/build.make CMakeFiles/cmTryCompileExec3780433941.dir/build
make[1]: Verzeichnis »/home/sabina/SDKnao/naoqi-sdk-linux/doc/examples/core/server/build-naotoolchain/CMakeFiles/CMakeTmp« wird betreten
/usr/bin/cmake -E cmake_progress_report /home/sabina/SDKnao/naoqi-sdk-linux/doc/examples/core/server/build-naotoolchain/CMakeFiles/CMakeTmp/CMakeFiles 1
Building C object CMakeFiles/cmTryCompileExec3780433941.dir/CheckIncludeFiles.c.o
/home/sabina/SDKnao/linuxcross/cross/bin/i686-aldebaran-linux-gnu-gcc   --sysroot /home/sabina/SDKnao/linuxcross//sysroot/ -pipe -fomit-frame-pointer -fno-align-jumps -fno-align-functions -fno-align-labels -fno-align-loops -m32 -mtune=generic -DOE_CROSS_BUILD    -o CMakeFiles/cmTryCompileExec3780433941.dir/CheckIncludeFiles.c.o   -c /home/sabina/SDKnao/naoqi-sdk-linux/doc/examples/core/server/build-naotoolchain/CMakeFiles/CMakeTmp/CheckIncludeFiles.c
Linking C executable cmTryCompileExec3780433941
/usr/bin/cmake -E cmake_link_script CMakeFiles/cmTryCompileExec3780433941.dir/link.txt --verbose=1
/home/sabina/SDKnao/linuxcross/cross/bin/i686-aldebaran-linux-gnu-gcc   --sysroot /home/sabina/SDKnao/linuxcross//sysroot/ -pipe -fomit-frame-pointer -fno-align-jumps -fno-align-functions -fno-align-labels -fno-align-loops -m32 -mtune=generic -DOE_CROSS_BUILD   -Wl,--sysroot,/home/sabina/SDKnao/linuxcross//sysroot/ CMakeFiles/cmTryCompileExec3780433941.dir/CheckIncludeFiles.c.o  -o cmTryCompileExec3780433941 -rdynamic 
make[1]: Verzeichnis »/home/sabina/SDKnao/naoqi-sdk-linux/doc/examples/core/server/build-naotoolchain/CMakeFiles/CMakeTmp« wird verlassen


Determining if the function pthread_create exists in the pthread passed with the following output:
Change Dir: /home/sabina/SDKnao/naoqi-sdk-linux/doc/examples/core/server/build-naotoolchain/CMakeFiles/CMakeTmp

Run Build Command:/usr/bin/make "cmTryCompileExec1588420609/fast"
/usr/bin/make -f CMakeFiles/cmTryCompileExec1588420609.dir/build.make CMakeFiles/cmTryCompileExec1588420609.dir/build
make[1]: Verzeichnis »/home/sabina/SDKnao/naoqi-sdk-linux/doc/examples/core/server/build-naotoolchain/CMakeFiles/CMakeTmp« wird betreten
/usr/bin/cmake -E cmake_progress_report /home/sabina/SDKnao/naoqi-sdk-linux/doc/examples/core/server/build-naotoolchain/CMakeFiles/CMakeTmp/CMakeFiles 1
Building C object CMakeFiles/cmTryCompileExec1588420609.dir/CheckFunctionExists.c.o
/home/sabina/SDKnao/linuxcross/cross/bin/i686-aldebaran-linux-gnu-gcc   --sysroot /home/sabina/SDKnao/linuxcross//sysroot/ -pipe -fomit-frame-pointer -fno-align-jumps -fno-align-functions -fno-align-labels -fno-align-loops -m32 -mtune=generic -DOE_CROSS_BUILD -DCHECK_FUNCTION_EXISTS=pthread_create   -o CMakeFiles/cmTryCompileExec1588420609.dir/CheckFunctionExists.c.o   -c /usr/share/cmake-2.8/Modules/CheckFunctionExists.c
Linking C executable cmTryCompileExec1588420609
/usr/bin/cmake -E cmake_link_script CMakeFiles/cmTryCompileExec1588420609.dir/link.txt --verbose=1
/home/sabina/SDKnao/linuxcross/cross/bin/i686-aldebaran-linux-gnu-gcc   --sysroot /home/sabina/SDKnao/linuxcross//sysroot/ -pipe -fomit-frame-pointer -fno-align-jumps -fno-align-functions -fno-align-labels -fno-align-loops -m32 -mtune=generic -DOE_CROSS_BUILD -DCHECK_FUNCTION_EXISTS=pthread_create  -Wl,--sysroot,/home/sabina/SDKnao/linuxcross//sysroot/ CMakeFiles/cmTryCompileExec1588420609.dir/CheckFunctionExists.c.o  -o cmTryCompileExec1588420609 -rdynamic -lpthread 
make[1]: Verzeichnis »/home/sabina/SDKnao/naoqi-sdk-linux/doc/examples/core/server/build-naotoolchain/CMakeFiles/CMakeTmp« wird verlassen


Determining if files pthread.h exist passed with the following output:
Change Dir: /home/sabina/SDKnao/naoqi-sdk-linux/doc/examples/core/server/build-naotoolchain/CMakeFiles/CMakeTmp

Run Build Command:/usr/bin/make "cmTryCompileExec907647205/fast"
/usr/bin/make -f CMakeFiles/cmTryCompileExec907647205.dir/build.make CMakeFiles/cmTryCompileExec907647205.dir/build
make[1]: Verzeichnis »/home/sabina/SDKnao/naoqi-sdk-linux/doc/examples/core/server/build-naotoolchain/CMakeFiles/CMakeTmp« wird betreten
/usr/bin/cmake -E cmake_progress_report /home/sabina/SDKnao/naoqi-sdk-linux/doc/examples/core/server/build-naotoolchain/CMakeFiles/CMakeTmp/CMakeFiles 1
Building C object CMakeFiles/cmTryCompileExec907647205.dir/CheckIncludeFiles.c.o
/home/sabina/SDKnao/linuxcross/cross/bin/i686-aldebaran-linux-gnu-gcc   --sysroot /home/sabina/SDKnao/linuxcross//sysroot/ -pipe -fomit-frame-pointer -fno-align-jumps -fno-align-functions -fno-align-labels -fno-align-loops -m32 -mtune=generic -DOE_CROSS_BUILD    -o CMakeFiles/cmTryCompileExec907647205.dir/CheckIncludeFiles.c.o   -c /home/sabina/SDKnao/naoqi-sdk-linux/doc/examples/core/server/build-naotoolchain/CMakeFiles/CMakeTmp/CheckIncludeFiles.c
Linking C executable cmTryCompileExec907647205
/usr/bin/cmake -E cmake_link_script CMakeFiles/cmTryCompileExec907647205.dir/link.txt --verbose=1
/home/sabina/SDKnao/linuxcross/cross/bin/i686-aldebaran-linux-gnu-gcc   --sysroot /home/sabina/SDKnao/linuxcross//sysroot/ -pipe -fomit-frame-pointer -fno-align-jumps -fno-align-functions -fno-align-labels -fno-align-loops -m32 -mtune=generic -DOE_CROSS_BUILD   -Wl,--sysroot,/home/sabina/SDKnao/linuxcross//sysroot/ CMakeFiles/cmTryCompileExec907647205.dir/CheckIncludeFiles.c.o  -o cmTryCompileExec907647205 -rdynamic 
make[1]: Verzeichnis »/home/sabina/SDKnao/naoqi-sdk-linux/doc/examples/core/server/build-naotoolchain/CMakeFiles/CMakeTmp« wird verlassen


Determining if the function pthread_create exists in the pthread passed with the following output:
Change Dir: /home/sabina/SDKnao/naoqi-sdk-linux/doc/examples/core/server/build-naotoolchain/CMakeFiles/CMakeTmp

Run Build Command:/usr/bin/make "cmTryCompileExec4225499478/fast"
/usr/bin/make -f CMakeFiles/cmTryCompileExec4225499478.dir/build.make CMakeFiles/cmTryCompileExec4225499478.dir/build
make[1]: Verzeichnis »/home/sabina/SDKnao/naoqi-sdk-linux/doc/examples/core/server/build-naotoolchain/CMakeFiles/CMakeTmp« wird betreten
/usr/bin/cmake -E cmake_progress_report /home/sabina/SDKnao/naoqi-sdk-linux/doc/examples/core/server/build-naotoolchain/CMakeFiles/CMakeTmp/CMakeFiles 1
Building C object CMakeFiles/cmTryCompileExec4225499478.dir/CheckFunctionExists.c.o
/home/sabina/SDKnao/linuxcross/cross/bin/i686-aldebaran-linux-gnu-gcc   --sysroot /home/sabina/SDKnao/linuxcross//sysroot/ -pipe -fomit-frame-pointer -fno-align-jumps -fno-align-functions -fno-align-labels -fno-align-loops -m32 -mtune=generic -DOE_CROSS_BUILD -DCHECK_FUNCTION_EXISTS=pthread_create   -o CMakeFiles/cmTryCompileExec4225499478.dir/CheckFunctionExists.c.o   -c /usr/share/cmake-2.8/Modules/CheckFunctionExists.c
Linking C executable cmTryCompileExec4225499478
/usr/bin/cmake -E cmake_link_script CMakeFiles/cmTryCompileExec4225499478.dir/link.txt --verbose=1
/home/sabina/SDKnao/linuxcross/cross/bin/i686-aldebaran-linux-gnu-gcc   --sysroot /home/sabina/SDKnao/linuxcross//sysroot/ -pipe -fomit-frame-pointer -fno-align-jumps -fno-align-functions -fno-align-labels -fno-align-loops -m32 -mtune=generic -DOE_CROSS_BUILD -DCHECK_FUNCTION_EXISTS=pthread_create  -Wl,--sysroot,/home/sabina/SDKnao/linuxcross//sysroot/ CMakeFiles/cmTryCompileExec4225499478.dir/CheckFunctionExists.c.o  -o cmTryCompileExec4225499478 -rdynamic -lpthread 
make[1]: Verzeichnis »/home/sabina/SDKnao/naoqi-sdk-linux/doc/examples/core/server/build-naotoolchain/CMakeFiles/CMakeTmp« wird verlassen


Determining if files pthread.h exist passed with the following output:
Change Dir: /home/sabina/SDKnao/naoqi-sdk-linux/doc/examples/core/server/build-naotoolchain/CMakeFiles/CMakeTmp

Run Build Command:/usr/bin/make "cmTryCompileExec1762036894/fast"
/usr/bin/make -f CMakeFiles/cmTryCompileExec1762036894.dir/build.make CMakeFiles/cmTryCompileExec1762036894.dir/build
make[1]: Verzeichnis »/home/sabina/SDKnao/naoqi-sdk-linux/doc/examples/core/server/build-naotoolchain/CMakeFiles/CMakeTmp« wird betreten
/usr/bin/cmake -E cmake_progress_report /home/sabina/SDKnao/naoqi-sdk-linux/doc/examples/core/server/build-naotoolchain/CMakeFiles/CMakeTmp/CMakeFiles 1
Building C object CMakeFiles/cmTryCompileExec1762036894.dir/CheckIncludeFiles.c.o
/home/sabina/SDKnao/linuxcross/cross/bin/i686-aldebaran-linux-gnu-gcc   --sysroot /home/sabina/SDKnao/linuxcross//sysroot/ -pipe -fomit-frame-pointer -fno-align-jumps -fno-align-functions -fno-align-labels -fno-align-loops -m32 -mtune=generic -DOE_CROSS_BUILD    -o CMakeFiles/cmTryCompileExec1762036894.dir/CheckIncludeFiles.c.o   -c /home/sabina/SDKnao/naoqi-sdk-linux/doc/examples/core/server/build-naotoolchain/CMakeFiles/CMakeTmp/CheckIncludeFiles.c
Linking C executable cmTryCompileExec1762036894
/usr/bin/cmake -E cmake_link_script CMakeFiles/cmTryCompileExec1762036894.dir/link.txt --verbose=1
/home/sabina/SDKnao/linuxcross/cross/bin/i686-aldebaran-linux-gnu-gcc   --sysroot /home/sabina/SDKnao/linuxcross//sysroot/ -pipe -fomit-frame-pointer -fno-align-jumps -fno-align-functions -fno-align-labels -fno-align-loops -m32 -mtune=generic -DOE_CROSS_BUILD   -Wl,--sysroot,/home/sabina/SDKnao/linuxcross//sysroot/ CMakeFiles/cmTryCompileExec1762036894.dir/CheckIncludeFiles.c.o  -o cmTryCompileExec1762036894 -rdynamic 
make[1]: Verzeichnis »/home/sabina/SDKnao/naoqi-sdk-linux/doc/examples/core/server/build-naotoolchain/CMakeFiles/CMakeTmp« wird verlassen


Determining if the function pthread_create exists in the pthread passed with the following output:
Change Dir: /home/sabina/SDKnao/naoqi-sdk-linux/doc/examples/core/server/build-naotoolchain/CMakeFiles/CMakeTmp

Run Build Command:/usr/bin/make "cmTryCompileExec1761319085/fast"
/usr/bin/make -f CMakeFiles/cmTryCompileExec1761319085.dir/build.make CMakeFiles/cmTryCompileExec1761319085.dir/build
make[1]: Verzeichnis »/home/sabina/SDKnao/naoqi-sdk-linux/doc/examples/core/server/build-naotoolchain/CMakeFiles/CMakeTmp« wird betreten
/usr/bin/cmake -E cmake_progress_report /home/sabina/SDKnao/naoqi-sdk-linux/doc/examples/core/server/build-naotoolchain/CMakeFiles/CMakeTmp/CMakeFiles 1
Building C object CMakeFiles/cmTryCompileExec1761319085.dir/CheckFunctionExists.c.o
/home/sabina/SDKnao/linuxcross/cross/bin/i686-aldebaran-linux-gnu-gcc   --sysroot /home/sabina/SDKnao/linuxcross//sysroot/ -pipe -fomit-frame-pointer -fno-align-jumps -fno-align-functions -fno-align-labels -fno-align-loops -m32 -mtune=generic -DOE_CROSS_BUILD -DCHECK_FUNCTION_EXISTS=pthread_create   -o CMakeFiles/cmTryCompileExec1761319085.dir/CheckFunctionExists.c.o   -c /usr/share/cmake-2.8/Modules/CheckFunctionExists.c
Linking C executable cmTryCompileExec1761319085
/usr/bin/cmake -E cmake_link_script CMakeFiles/cmTryCompileExec1761319085.dir/link.txt --verbose=1
/home/sabina/SDKnao/linuxcross/cross/bin/i686-aldebaran-linux-gnu-gcc   --sysroot /home/sabina/SDKnao/linuxcross//sysroot/ -pipe -fomit-frame-pointer -fno-align-jumps -fno-align-functions -fno-align-labels -fno-align-loops -m32 -mtune=generic -DOE_CROSS_BUILD -DCHECK_FUNCTION_EXISTS=pthread_create  -Wl,--sysroot,/home/sabina/SDKnao/linuxcross//sysroot/ CMakeFiles/cmTryCompileExec1761319085.dir/CheckFunctionExists.c.o  -o cmTryCompileExec1761319085 -rdynamic -lpthread 
make[1]: Verzeichnis »/home/sabina/SDKnao/naoqi-sdk-linux/doc/examples/core/server/build-naotoolchain/CMakeFiles/CMakeTmp« wird verlassen


Determining if files pthread.h exist passed with the following output:
Change Dir: /home/sabina/SDKnao/naoqi-sdk-linux/doc/examples/core/server/build-naotoolchain/CMakeFiles/CMakeTmp

Run Build Command:/usr/bin/make "cmTryCompileExec1012081634/fast"
/usr/bin/make -f CMakeFiles/cmTryCompileExec1012081634.dir/build.make CMakeFiles/cmTryCompileExec1012081634.dir/build
make[1]: Verzeichnis »/home/sabina/SDKnao/naoqi-sdk-linux/doc/examples/core/server/build-naotoolchain/CMakeFiles/CMakeTmp« wird betreten
/usr/bin/cmake -E cmake_progress_report /home/sabina/SDKnao/naoqi-sdk-linux/doc/examples/core/server/build-naotoolchain/CMakeFiles/CMakeTmp/CMakeFiles 1
Building C object CMakeFiles/cmTryCompileExec1012081634.dir/CheckIncludeFiles.c.o
/home/sabina/SDKnao/linuxcross/cross/bin/i686-aldebaran-linux-gnu-gcc   --sysroot /home/sabina/SDKnao/linuxcross//sysroot/ -pipe -fomit-frame-pointer -fno-align-jumps -fno-align-functions -fno-align-labels -fno-align-loops -m32 -mtune=generic -DOE_CROSS_BUILD    -o CMakeFiles/cmTryCompileExec1012081634.dir/CheckIncludeFiles.c.o   -c /home/sabina/SDKnao/naoqi-sdk-linux/doc/examples/core/server/build-naotoolchain/CMakeFiles/CMakeTmp/CheckIncludeFiles.c
Linking C executable cmTryCompileExec1012081634
/usr/bin/cmake -E cmake_link_script CMakeFiles/cmTryCompileExec1012081634.dir/link.txt --verbose=1
/home/sabina/SDKnao/linuxcross/cross/bin/i686-aldebaran-linux-gnu-gcc   --sysroot /home/sabina/SDKnao/linuxcross//sysroot/ -pipe -fomit-frame-pointer -fno-align-jumps -fno-align-functions -fno-align-labels -fno-align-loops -m32 -mtune=generic -DOE_CROSS_BUILD   -Wl,--sysroot,/home/sabina/SDKnao/linuxcross//sysroot/ CMakeFiles/cmTryCompileExec1012081634.dir/CheckIncludeFiles.c.o  -o cmTryCompileExec1012081634 -rdynamic 
make[1]: Verzeichnis »/home/sabina/SDKnao/naoqi-sdk-linux/doc/examples/core/server/build-naotoolchain/CMakeFiles/CMakeTmp« wird verlassen


Determining if the function pthread_create exists in the pthread passed with the following output:
Change Dir: /home/sabina/SDKnao/naoqi-sdk-linux/doc/examples/core/server/build-naotoolchain/CMakeFiles/CMakeTmp

Run Build Command:/usr/bin/make "cmTryCompileExec3176010604/fast"
/usr/bin/make -f CMakeFiles/cmTryCompileExec3176010604.dir/build.make CMakeFiles/cmTryCompileExec3176010604.dir/build
make[1]: Verzeichnis »/home/sabina/SDKnao/naoqi-sdk-linux/doc/examples/core/server/build-naotoolchain/CMakeFiles/CMakeTmp« wird betreten
/usr/bin/cmake -E cmake_progress_report /home/sabina/SDKnao/naoqi-sdk-linux/doc/examples/core/server/build-naotoolchain/CMakeFiles/CMakeTmp/CMakeFiles 1
Building C object CMakeFiles/cmTryCompileExec3176010604.dir/CheckFunctionExists.c.o
/home/sabina/SDKnao/linuxcross/cross/bin/i686-aldebaran-linux-gnu-gcc   --sysroot /home/sabina/SDKnao/linuxcross//sysroot/ -pipe -fomit-frame-pointer -fno-align-jumps -fno-align-functions -fno-align-labels -fno-align-loops -m32 -mtune=generic -DOE_CROSS_BUILD -DCHECK_FUNCTION_EXISTS=pthread_create   -o CMakeFiles/cmTryCompileExec3176010604.dir/CheckFunctionExists.c.o   -c /usr/share/cmake-2.8/Modules/CheckFunctionExists.c
Linking C executable cmTryCompileExec3176010604
/usr/bin/cmake -E cmake_link_script CMakeFiles/cmTryCompileExec3176010604.dir/link.txt --verbose=1
/home/sabina/SDKnao/linuxcross/cross/bin/i686-aldebaran-linux-gnu-gcc   --sysroot /home/sabina/SDKnao/linuxcross//sysroot/ -pipe -fomit-frame-pointer -fno-align-jumps -fno-align-functions -fno-align-labels -fno-align-loops -m32 -mtune=generic -DOE_CROSS_BUILD -DCHECK_FUNCTION_EXISTS=pthread_create  -Wl,--sysroot,/home/sabina/SDKnao/linuxcross//sysroot/ CMakeFiles/cmTryCompileExec3176010604.dir/CheckFunctionExists.c.o  -o cmTryCompileExec3176010604 -rdynamic -lpthread 
make[1]: Verzeichnis »/home/sabina/SDKnao/naoqi-sdk-linux/doc/examples/core/server/build-naotoolchain/CMakeFiles/CMakeTmp« wird verlassen


Determining if files pthread.h exist passed with the following output:
Change Dir: /home/sabina/SDKnao/naoqi-sdk-linux/doc/examples/core/server/build-naotoolchain/CMakeFiles/CMakeTmp

Run Build Command:/usr/bin/make "cmTryCompileExec252887352/fast"
/usr/bin/make -f CMakeFiles/cmTryCompileExec252887352.dir/build.make CMakeFiles/cmTryCompileExec252887352.dir/build
make[1]: Verzeichnis »/home/sabina/SDKnao/naoqi-sdk-linux/doc/examples/core/server/build-naotoolchain/CMakeFiles/CMakeTmp« wird betreten
/usr/bin/cmake -E cmake_progress_report /home/sabina/SDKnao/naoqi-sdk-linux/doc/examples/core/server/build-naotoolchain/CMakeFiles/CMakeTmp/CMakeFiles 1
Building C object CMakeFiles/cmTryCompileExec252887352.dir/CheckIncludeFiles.c.o
/home/sabina/SDKnao/linuxcross/cross/bin/i686-aldebaran-linux-gnu-gcc   --sysroot /home/sabina/SDKnao/linuxcross//sysroot/ -pipe -fomit-frame-pointer -fno-align-jumps -fno-align-functions -fno-align-labels -fno-align-loops -m32 -mtune=generic -DOE_CROSS_BUILD    -o CMakeFiles/cmTryCompileExec252887352.dir/CheckIncludeFiles.c.o   -c /home/sabina/SDKnao/naoqi-sdk-linux/doc/examples/core/server/build-naotoolchain/CMakeFiles/CMakeTmp/CheckIncludeFiles.c
Linking C executable cmTryCompileExec252887352
/usr/bin/cmake -E cmake_link_script CMakeFiles/cmTryCompileExec252887352.dir/link.txt --verbose=1
/home/sabina/SDKnao/linuxcross/cross/bin/i686-aldebaran-linux-gnu-gcc   --sysroot /home/sabina/SDKnao/linuxcross//sysroot/ -pipe -fomit-frame-pointer -fno-align-jumps -fno-align-functions -fno-align-labels -fno-align-loops -m32 -mtune=generic -DOE_CROSS_BUILD   -Wl,--sysroot,/home/sabina/SDKnao/linuxcross//sysroot/ CMakeFiles/cmTryCompileExec252887352.dir/CheckIncludeFiles.c.o  -o cmTryCompileExec252887352 -rdynamic 
make[1]: Verzeichnis »/home/sabina/SDKnao/naoqi-sdk-linux/doc/examples/core/server/build-naotoolchain/CMakeFiles/CMakeTmp« wird verlassen


Determining if the function pthread_create exists in the pthread passed with the following output:
Change Dir: /home/sabina/SDKnao/naoqi-sdk-linux/doc/examples/core/server/build-naotoolchain/CMakeFiles/CMakeTmp

Run Build Command:/usr/bin/make "cmTryCompileExec1400209125/fast"
/usr/bin/make -f CMakeFiles/cmTryCompileExec1400209125.dir/build.make CMakeFiles/cmTryCompileExec1400209125.dir/build
make[1]: Verzeichnis »/home/sabina/SDKnao/naoqi-sdk-linux/doc/examples/core/server/build-naotoolchain/CMakeFiles/CMakeTmp« wird betreten
/usr/bin/cmake -E cmake_progress_report /home/sabina/SDKnao/naoqi-sdk-linux/doc/examples/core/server/build-naotoolchain/CMakeFiles/CMakeTmp/CMakeFiles 1
Building C object CMakeFiles/cmTryCompileExec1400209125.dir/CheckFunctionExists.c.o
/home/sabina/SDKnao/linuxcross/cross/bin/i686-aldebaran-linux-gnu-gcc   --sysroot /home/sabina/SDKnao/linuxcross//sysroot/ -pipe -fomit-frame-pointer -fno-align-jumps -fno-align-functions -fno-align-labels -fno-align-loops -m32 -mtune=generic -DOE_CROSS_BUILD -DCHECK_FUNCTION_EXISTS=pthread_create   -o CMakeFiles/cmTryCompileExec1400209125.dir/CheckFunctionExists.c.o   -c /usr/share/cmake-2.8/Modules/CheckFunctionExists.c
Linking C executable cmTryCompileExec1400209125
/usr/bin/cmake -E cmake_link_script CMakeFiles/cmTryCompileExec1400209125.dir/link.txt --verbose=1
/home/sabina/SDKnao/linuxcross/cross/bin/i686-aldebaran-linux-gnu-gcc   --sysroot /home/sabina/SDKnao/linuxcross//sysroot/ -pipe -fomit-frame-pointer -fno-align-jumps -fno-align-functions -fno-align-labels -fno-align-loops -m32 -mtune=generic -DOE_CROSS_BUILD -DCHECK_FUNCTION_EXISTS=pthread_create  -Wl,--sysroot,/home/sabina/SDKnao/linuxcross//sysroot/ CMakeFiles/cmTryCompileExec1400209125.dir/CheckFunctionExists.c.o  -o cmTryCompileExec1400209125 -rdynamic -lpthread 
make[1]: Verzeichnis »/home/sabina/SDKnao/naoqi-sdk-linux/doc/examples/core/server/build-naotoolchain/CMakeFiles/CMakeTmp« wird verlassen


Determining if files pthread.h exist passed with the following output:
Change Dir: /home/sabina/SDKnao/naoqi-sdk-linux/doc/examples/core/server/build-naotoolchain/CMakeFiles/CMakeTmp

Run Build Command:/usr/bin/make "cmTryCompileExec2950465614/fast"
/usr/bin/make -f CMakeFiles/cmTryCompileExec2950465614.dir/build.make CMakeFiles/cmTryCompileExec2950465614.dir/build
make[1]: Verzeichnis »/home/sabina/SDKnao/naoqi-sdk-linux/doc/examples/core/server/build-naotoolchain/CMakeFiles/CMakeTmp« wird betreten
/usr/bin/cmake -E cmake_progress_report /home/sabina/SDKnao/naoqi-sdk-linux/doc/examples/core/server/build-naotoolchain/CMakeFiles/CMakeTmp/CMakeFiles 1
Building C object CMakeFiles/cmTryCompileExec2950465614.dir/CheckIncludeFiles.c.o
/home/sabina/SDKnao/linuxcross/cross/bin/i686-aldebaran-linux-gnu-gcc   --sysroot /home/sabina/SDKnao/linuxcross//sysroot/ -pipe -fomit-frame-pointer -fno-align-jumps -fno-align-functions -fno-align-labels -fno-align-loops -m32 -mtune=generic -DOE_CROSS_BUILD    -o CMakeFiles/cmTryCompileExec2950465614.dir/CheckIncludeFiles.c.o   -c /home/sabina/SDKnao/naoqi-sdk-linux/doc/examples/core/server/build-naotoolchain/CMakeFiles/CMakeTmp/CheckIncludeFiles.c
Linking C executable cmTryCompileExec2950465614
/usr/bin/cmake -E cmake_link_script CMakeFiles/cmTryCompileExec2950465614.dir/link.txt --verbose=1
/home/sabina/SDKnao/linuxcross/cross/bin/i686-aldebaran-linux-gnu-gcc   --sysroot /home/sabina/SDKnao/linuxcross//sysroot/ -pipe -fomit-frame-pointer -fno-align-jumps -fno-align-functions -fno-align-labels -fno-align-loops -m32 -mtune=generic -DOE_CROSS_BUILD   -Wl,--sysroot,/home/sabina/SDKnao/linuxcross//sysroot/ CMakeFiles/cmTryCompileExec2950465614.dir/CheckIncludeFiles.c.o  -o cmTryCompileExec2950465614 -rdynamic 
make[1]: Verzeichnis »/home/sabina/SDKnao/naoqi-sdk-linux/doc/examples/core/server/build-naotoolchain/CMakeFiles/CMakeTmp« wird verlassen


Determining if the function pthread_create exists in the pthread passed with the following output:
Change Dir: /home/sabina/SDKnao/naoqi-sdk-linux/doc/examples/core/server/build-naotoolchain/CMakeFiles/CMakeTmp

Run Build Command:/usr/bin/make "cmTryCompileExec1274689261/fast"
/usr/bin/make -f CMakeFiles/cmTryCompileExec1274689261.dir/build.make CMakeFiles/cmTryCompileExec1274689261.dir/build
make[1]: Verzeichnis »/home/sabina/SDKnao/naoqi-sdk-linux/doc/examples/core/server/build-naotoolchain/CMakeFiles/CMakeTmp« wird betreten
/usr/bin/cmake -E cmake_progress_report /home/sabina/SDKnao/naoqi-sdk-linux/doc/examples/core/server/build-naotoolchain/CMakeFiles/CMakeTmp/CMakeFiles 1
Building C object CMakeFiles/cmTryCompileExec1274689261.dir/CheckFunctionExists.c.o
/home/sabina/SDKnao/linuxcross/cross/bin/i686-aldebaran-linux-gnu-gcc   --sysroot /home/sabina/SDKnao/linuxcross//sysroot/ -pipe -fomit-frame-pointer -fno-align-jumps -fno-align-functions -fno-align-labels -fno-align-loops -m32 -mtune=generic -DOE_CROSS_BUILD -DCHECK_FUNCTION_EXISTS=pthread_create   -o CMakeFiles/cmTryCompileExec1274689261.dir/CheckFunctionExists.c.o   -c /usr/share/cmake-2.8/Modules/CheckFunctionExists.c
Linking C executable cmTryCompileExec1274689261
/usr/bin/cmake -E cmake_link_script CMakeFiles/cmTryCompileExec1274689261.dir/link.txt --verbose=1
/home/sabina/SDKnao/linuxcross/cross/bin/i686-aldebaran-linux-gnu-gcc   --sysroot /home/sabina/SDKnao/linuxcross//sysroot/ -pipe -fomit-frame-pointer -fno-align-jumps -fno-align-functions -fno-align-labels -fno-align-loops -m32 -mtune=generic -DOE_CROSS_BUILD -DCHECK_FUNCTION_EXISTS=pthread_create  -Wl,--sysroot,/home/sabina/SDKnao/linuxcross//sysroot/ CMakeFiles/cmTryCompileExec1274689261.dir/CheckFunctionExists.c.o  -o cmTryCompileExec1274689261 -rdynamic -lpthread 
make[1]: Verzeichnis »/home/sabina/SDKnao/naoqi-sdk-linux/doc/examples/core/server/build-naotoolchain/CMakeFiles/CMakeTmp« wird verlassen


Determining if files pthread.h exist passed with the following output:
Change Dir: /home/sabina/SDKnao/naoqi-sdk-linux/doc/examples/core/server/build-naotoolchain/CMakeFiles/CMakeTmp

Run Build Command:/usr/bin/make "cmTryCompileExec1817181199/fast"
/usr/bin/make -f CMakeFiles/cmTryCompileExec1817181199.dir/build.make CMakeFiles/cmTryCompileExec1817181199.dir/build
make[1]: Verzeichnis »/home/sabina/SDKnao/naoqi-sdk-linux/doc/examples/core/server/build-naotoolchain/CMakeFiles/CMakeTmp« wird betreten
/usr/bin/cmake -E cmake_progress_report /home/sabina/SDKnao/naoqi-sdk-linux/doc/examples/core/server/build-naotoolchain/CMakeFiles/CMakeTmp/CMakeFiles 1
Building C object CMakeFiles/cmTryCompileExec1817181199.dir/CheckIncludeFiles.c.o
/home/sabina/SDKnao/linuxcross/cross/bin/i686-aldebaran-linux-gnu-gcc   --sysroot /home/sabina/SDKnao/linuxcross//sysroot/ -pipe -fomit-frame-pointer -fno-align-jumps -fno-align-functions -fno-align-labels -fno-align-loops -m32 -mtune=generic -DOE_CROSS_BUILD    -o CMakeFiles/cmTryCompileExec1817181199.dir/CheckIncludeFiles.c.o   -c /home/sabina/SDKnao/naoqi-sdk-linux/doc/examples/core/server/build-naotoolchain/CMakeFiles/CMakeTmp/CheckIncludeFiles.c
Linking C executable cmTryCompileExec1817181199
/usr/bin/cmake -E cmake_link_script CMakeFiles/cmTryCompileExec1817181199.dir/link.txt --verbose=1
/home/sabina/SDKnao/linuxcross/cross/bin/i686-aldebaran-linux-gnu-gcc   --sysroot /home/sabina/SDKnao/linuxcross//sysroot/ -pipe -fomit-frame-pointer -fno-align-jumps -fno-align-functions -fno-align-labels -fno-align-loops -m32 -mtune=generic -DOE_CROSS_BUILD   -Wl,--sysroot,/home/sabina/SDKnao/linuxcross//sysroot/ CMakeFiles/cmTryCompileExec1817181199.dir/CheckIncludeFiles.c.o  -o cmTryCompileExec1817181199 -rdynamic 
make[1]: Verzeichnis »/home/sabina/SDKnao/naoqi-sdk-linux/doc/examples/core/server/build-naotoolchain/CMakeFiles/CMakeTmp« wird verlassen


Determining if the function pthread_create exists in the pthread passed with the following output:
Change Dir: /home/sabina/SDKnao/naoqi-sdk-linux/doc/examples/core/server/build-naotoolchain/CMakeFiles/CMakeTmp

Run Build Command:/usr/bin/make "cmTryCompileExec2160766410/fast"
/usr/bin/make -f CMakeFiles/cmTryCompileExec2160766410.dir/build.make CMakeFiles/cmTryCompileExec2160766410.dir/build
make[1]: Verzeichnis »/home/sabina/SDKnao/naoqi-sdk-linux/doc/examples/core/server/build-naotoolchain/CMakeFiles/CMakeTmp« wird betreten
/usr/bin/cmake -E cmake_progress_report /home/sabina/SDKnao/naoqi-sdk-linux/doc/examples/core/server/build-naotoolchain/CMakeFiles/CMakeTmp/CMakeFiles 1
Building C object CMakeFiles/cmTryCompileExec2160766410.dir/CheckFunctionExists.c.o
/home/sabina/SDKnao/linuxcross/cross/bin/i686-aldebaran-linux-gnu-gcc   --sysroot /home/sabina/SDKnao/linuxcross//sysroot/ -pipe -fomit-frame-pointer -fno-align-jumps -fno-align-functions -fno-align-labels -fno-align-loops -m32 -mtune=generic -DOE_CROSS_BUILD -DCHECK_FUNCTION_EXISTS=pthread_create   -o CMakeFiles/cmTryCompileExec2160766410.dir/CheckFunctionExists.c.o   -c /usr/share/cmake-2.8/Modules/CheckFunctionExists.c
Linking C executable cmTryCompileExec2160766410
/usr/bin/cmake -E cmake_link_script CMakeFiles/cmTryCompileExec2160766410.dir/link.txt --verbose=1
/home/sabina/SDKnao/linuxcross/cross/bin/i686-aldebaran-linux-gnu-gcc   --sysroot /home/sabina/SDKnao/linuxcross//sysroot/ -pipe -fomit-frame-pointer -fno-align-jumps -fno-align-functions -fno-align-labels -fno-align-loops -m32 -mtune=generic -DOE_CROSS_BUILD -DCHECK_FUNCTION_EXISTS=pthread_create  -Wl,--sysroot,/home/sabina/SDKnao/linuxcross//sysroot/ CMakeFiles/cmTryCompileExec2160766410.dir/CheckFunctionExists.c.o  -o cmTryCompileExec2160766410 -rdynamic -lpthread 
make[1]: Verzeichnis »/home/sabina/SDKnao/naoqi-sdk-linux/doc/examples/core/server/build-naotoolchain/CMakeFiles/CMakeTmp« wird verlassen


Determining if files pthread.h exist passed with the following output:
Change Dir: /home/sabina/SDKnao/naoqi-sdk-linux/doc/examples/core/server/build-naotoolchain/CMakeFiles/CMakeTmp

Run Build Command:/usr/bin/make "cmTryCompileExec2395322558/fast"
/usr/bin/make -f CMakeFiles/cmTryCompileExec2395322558.dir/build.make CMakeFiles/cmTryCompileExec2395322558.dir/build
make[1]: Verzeichnis »/home/sabina/SDKnao/naoqi-sdk-linux/doc/examples/core/server/build-naotoolchain/CMakeFiles/CMakeTmp« wird betreten
/usr/bin/cmake -E cmake_progress_report /home/sabina/SDKnao/naoqi-sdk-linux/doc/examples/core/server/build-naotoolchain/CMakeFiles/CMakeTmp/CMakeFiles 1
Building C object CMakeFiles/cmTryCompileExec2395322558.dir/CheckIncludeFiles.c.o
/home/sabina/SDKnao/linuxcross/cross/bin/i686-aldebaran-linux-gnu-gcc   --sysroot /home/sabina/SDKnao/linuxcross//sysroot/ -pipe -fomit-frame-pointer -fno-align-jumps -fno-align-functions -fno-align-labels -fno-align-loops -m32 -mtune=generic -DOE_CROSS_BUILD    -o CMakeFiles/cmTryCompileExec2395322558.dir/CheckIncludeFiles.c.o   -c /home/sabina/SDKnao/naoqi-sdk-linux/doc/examples/core/server/build-naotoolchain/CMakeFiles/CMakeTmp/CheckIncludeFiles.c
Linking C executable cmTryCompileExec2395322558
/usr/bin/cmake -E cmake_link_script CMakeFiles/cmTryCompileExec2395322558.dir/link.txt --verbose=1
/home/sabina/SDKnao/linuxcross/cross/bin/i686-aldebaran-linux-gnu-gcc   --sysroot /home/sabina/SDKnao/linuxcross//sysroot/ -pipe -fomit-frame-pointer -fno-align-jumps -fno-align-functions -fno-align-labels -fno-align-loops -m32 -mtune=generic -DOE_CROSS_BUILD   -Wl,--sysroot,/home/sabina/SDKnao/linuxcross//sysroot/ CMakeFiles/cmTryCompileExec2395322558.dir/CheckIncludeFiles.c.o  -o cmTryCompileExec2395322558 -rdynamic 
make[1]: Verzeichnis »/home/sabina/SDKnao/naoqi-sdk-linux/doc/examples/core/server/build-naotoolchain/CMakeFiles/CMakeTmp« wird verlassen


Determining if the function pthread_create exists in the pthread passed with the following output:
Change Dir: /home/sabina/SDKnao/naoqi-sdk-linux/doc/examples/core/server/build-naotoolchain/CMakeFiles/CMakeTmp

Run Build Command:/usr/bin/make "cmTryCompileExec64056347/fast"
/usr/bin/make -f CMakeFiles/cmTryCompileExec64056347.dir/build.make CMakeFiles/cmTryCompileExec64056347.dir/build
make[1]: Verzeichnis »/home/sabina/SDKnao/naoqi-sdk-linux/doc/examples/core/server/build-naotoolchain/CMakeFiles/CMakeTmp« wird betreten
/usr/bin/cmake -E cmake_progress_report /home/sabina/SDKnao/naoqi-sdk-linux/doc/examples/core/server/build-naotoolchain/CMakeFiles/CMakeTmp/CMakeFiles 1
Building C object CMakeFiles/cmTryCompileExec64056347.dir/CheckFunctionExists.c.o
/home/sabina/SDKnao/linuxcross/cross/bin/i686-aldebaran-linux-gnu-gcc   --sysroot /home/sabina/SDKnao/linuxcross//sysroot/ -pipe -fomit-frame-pointer -fno-align-jumps -fno-align-functions -fno-align-labels -fno-align-loops -m32 -mtune=generic -DOE_CROSS_BUILD -DCHECK_FUNCTION_EXISTS=pthread_create   -o CMakeFiles/cmTryCompileExec64056347.dir/CheckFunctionExists.c.o   -c /usr/share/cmake-2.8/Modules/CheckFunctionExists.c
Linking C executable cmTryCompileExec64056347
/usr/bin/cmake -E cmake_link_script CMakeFiles/cmTryCompileExec64056347.dir/link.txt --verbose=1
/home/sabina/SDKnao/linuxcross/cross/bin/i686-aldebaran-linux-gnu-gcc   --sysroot /home/sabina/SDKnao/linuxcross//sysroot/ -pipe -fomit-frame-pointer -fno-align-jumps -fno-align-functions -fno-align-labels -fno-align-loops -m32 -mtune=generic -DOE_CROSS_BUILD -DCHECK_FUNCTION_EXISTS=pthread_create  -Wl,--sysroot,/home/sabina/SDKnao/linuxcross//sysroot/ CMakeFiles/cmTryCompileExec64056347.dir/CheckFunctionExists.c.o  -o cmTryCompileExec64056347 -rdynamic -lpthread 
make[1]: Verzeichnis »/home/sabina/SDKnao/naoqi-sdk-linux/doc/examples/core/server/build-naotoolchain/CMakeFiles/CMakeTmp« wird verlassen


Determining if files pthread.h exist passed with the following output:
Change Dir: /home/sabina/SDKnao/naoqi-sdk-linux/doc/examples/core/server/build-naotoolchain/CMakeFiles/CMakeTmp

Run Build Command:/usr/bin/make "cmTryCompileExec3921218535/fast"
/usr/bin/make -f CMakeFiles/cmTryCompileExec3921218535.dir/build.make CMakeFiles/cmTryCompileExec3921218535.dir/build
make[1]: Verzeichnis »/home/sabina/SDKnao/naoqi-sdk-linux/doc/examples/core/server/build-naotoolchain/CMakeFiles/CMakeTmp« wird betreten
/usr/bin/cmake -E cmake_progress_report /home/sabina/SDKnao/naoqi-sdk-linux/doc/examples/core/server/build-naotoolchain/CMakeFiles/CMakeTmp/CMakeFiles 1
Building C object CMakeFiles/cmTryCompileExec3921218535.dir/CheckIncludeFiles.c.o
/home/sabina/SDKnao/linuxcross/cross/bin/i686-aldebaran-linux-gnu-gcc   --sysroot /home/sabina/SDKnao/linuxcross//sysroot/ -pipe -fomit-frame-pointer -fno-align-jumps -fno-align-functions -fno-align-labels -fno-align-loops -m32 -mtune=generic -DOE_CROSS_BUILD    -o CMakeFiles/cmTryCompileExec3921218535.dir/CheckIncludeFiles.c.o   -c /home/sabina/SDKnao/naoqi-sdk-linux/doc/examples/core/server/build-naotoolchain/CMakeFiles/CMakeTmp/CheckIncludeFiles.c
Linking C executable cmTryCompileExec3921218535
/usr/bin/cmake -E cmake_link_script CMakeFiles/cmTryCompileExec3921218535.dir/link.txt --verbose=1
/home/sabina/SDKnao/linuxcross/cross/bin/i686-aldebaran-linux-gnu-gcc   --sysroot /home/sabina/SDKnao/linuxcross//sysroot/ -pipe -fomit-frame-pointer -fno-align-jumps -fno-align-functions -fno-align-labels -fno-align-loops -m32 -mtune=generic -DOE_CROSS_BUILD   -Wl,--sysroot,/home/sabina/SDKnao/linuxcross//sysroot/ CMakeFiles/cmTryCompileExec3921218535.dir/CheckIncludeFiles.c.o  -o cmTryCompileExec3921218535 -rdynamic 
make[1]: Verzeichnis »/home/sabina/SDKnao/naoqi-sdk-linux/doc/examples/core/server/build-naotoolchain/CMakeFiles/CMakeTmp« wird verlassen


Determining if the function pthread_create exists in the pthread passed with the following output:
Change Dir: /home/sabina/SDKnao/naoqi-sdk-linux/doc/examples/core/server/build-naotoolchain/CMakeFiles/CMakeTmp

Run Build Command:/usr/bin/make "cmTryCompileExec2665435512/fast"
/usr/bin/make -f CMakeFiles/cmTryCompileExec2665435512.dir/build.make CMakeFiles/cmTryCompileExec2665435512.dir/build
make[1]: Verzeichnis »/home/sabina/SDKnao/naoqi-sdk-linux/doc/examples/core/server/build-naotoolchain/CMakeFiles/CMakeTmp« wird betreten
/usr/bin/cmake -E cmake_progress_report /home/sabina/SDKnao/naoqi-sdk-linux/doc/examples/core/server/build-naotoolchain/CMakeFiles/CMakeTmp/CMakeFiles 1
Building C object CMakeFiles/cmTryCompileExec2665435512.dir/CheckFunctionExists.c.o
/home/sabina/SDKnao/linuxcross/cross/bin/i686-aldebaran-linux-gnu-gcc   --sysroot /home/sabina/SDKnao/linuxcross//sysroot/ -pipe -fomit-frame-pointer -fno-align-jumps -fno-align-functions -fno-align-labels -fno-align-loops -m32 -mtune=generic -DOE_CROSS_BUILD -DCHECK_FUNCTION_EXISTS=pthread_create   -o CMakeFiles/cmTryCompileExec2665435512.dir/CheckFunctionExists.c.o   -c /usr/share/cmake-2.8/Modules/CheckFunctionExists.c
Linking C executable cmTryCompileExec2665435512
/usr/bin/cmake -E cmake_link_script CMakeFiles/cmTryCompileExec2665435512.dir/link.txt --verbose=1
/home/sabina/SDKnao/linuxcross/cross/bin/i686-aldebaran-linux-gnu-gcc   --sysroot /home/sabina/SDKnao/linuxcross//sysroot/ -pipe -fomit-frame-pointer -fno-align-jumps -fno-align-functions -fno-align-labels -fno-align-loops -m32 -mtune=generic -DOE_CROSS_BUILD -DCHECK_FUNCTION_EXISTS=pthread_create  -Wl,--sysroot,/home/sabina/SDKnao/linuxcross//sysroot/ CMakeFiles/cmTryCompileExec2665435512.dir/CheckFunctionExists.c.o  -o cmTryCompileExec2665435512 -rdynamic -lpthread 
make[1]: Verzeichnis »/home/sabina/SDKnao/naoqi-sdk-linux/doc/examples/core/server/build-naotoolchain/CMakeFiles/CMakeTmp« wird verlassen


Determining if files pthread.h exist passed with the following output:
Change Dir: /home/sabina/SDKnao/naoqi-sdk-linux/doc/examples/core/server/build-naotoolchain/CMakeFiles/CMakeTmp

Run Build Command:/usr/bin/make "cmTryCompileExec1585432188/fast"
/usr/bin/make -f CMakeFiles/cmTryCompileExec1585432188.dir/build.make CMakeFiles/cmTryCompileExec1585432188.dir/build
make[1]: Verzeichnis »/home/sabina/SDKnao/naoqi-sdk-linux/doc/examples/core/server/build-naotoolchain/CMakeFiles/CMakeTmp« wird betreten
/usr/bin/cmake -E cmake_progress_report /home/sabina/SDKnao/naoqi-sdk-linux/doc/examples/core/server/build-naotoolchain/CMakeFiles/CMakeTmp/CMakeFiles 1
Building C object CMakeFiles/cmTryCompileExec1585432188.dir/CheckIncludeFiles.c.o
/home/sabina/SDKnao/linuxcross/cross/bin/i686-aldebaran-linux-gnu-gcc   --sysroot /home/sabina/SDKnao/linuxcross//sysroot/ -pipe -fomit-frame-pointer -fno-align-jumps -fno-align-functions -fno-align-labels -fno-align-loops -m32 -mtune=generic -DOE_CROSS_BUILD    -o CMakeFiles/cmTryCompileExec1585432188.dir/CheckIncludeFiles.c.o   -c /home/sabina/SDKnao/naoqi-sdk-linux/doc/examples/core/server/build-naotoolchain/CMakeFiles/CMakeTmp/CheckIncludeFiles.c
Linking C executable cmTryCompileExec1585432188
/usr/bin/cmake -E cmake_link_script CMakeFiles/cmTryCompileExec1585432188.dir/link.txt --verbose=1
/home/sabina/SDKnao/linuxcross/cross/bin/i686-aldebaran-linux-gnu-gcc   --sysroot /home/sabina/SDKnao/linuxcross//sysroot/ -pipe -fomit-frame-pointer -fno-align-jumps -fno-align-functions -fno-align-labels -fno-align-loops -m32 -mtune=generic -DOE_CROSS_BUILD   -Wl,--sysroot,/home/sabina/SDKnao/linuxcross//sysroot/ CMakeFiles/cmTryCompileExec1585432188.dir/CheckIncludeFiles.c.o  -o cmTryCompileExec1585432188 -rdynamic 
make[1]: Verzeichnis »/home/sabina/SDKnao/naoqi-sdk-linux/doc/examples/core/server/build-naotoolchain/CMakeFiles/CMakeTmp« wird verlassen


Determining if the function pthread_create exists in the pthread passed with the following output:
Change Dir: /home/sabina/SDKnao/naoqi-sdk-linux/doc/examples/core/server/build-naotoolchain/CMakeFiles/CMakeTmp

Run Build Command:/usr/bin/make "cmTryCompileExec1887743670/fast"
/usr/bin/make -f CMakeFiles/cmTryCompileExec1887743670.dir/build.make CMakeFiles/cmTryCompileExec1887743670.dir/build
make[1]: Verzeichnis »/home/sabina/SDKnao/naoqi-sdk-linux/doc/examples/core/server/build-naotoolchain/CMakeFiles/CMakeTmp« wird betreten
/usr/bin/cmake -E cmake_progress_report /home/sabina/SDKnao/naoqi-sdk-linux/doc/examples/core/server/build-naotoolchain/CMakeFiles/CMakeTmp/CMakeFiles 1
Building C object CMakeFiles/cmTryCompileExec1887743670.dir/CheckFunctionExists.c.o
/home/sabina/SDKnao/linuxcross/cross/bin/i686-aldebaran-linux-gnu-gcc   --sysroot /home/sabina/SDKnao/linuxcross//sysroot/ -pipe -fomit-frame-pointer -fno-align-jumps -fno-align-functions -fno-align-labels -fno-align-loops -m32 -mtune=generic -DOE_CROSS_BUILD -DCHECK_FUNCTION_EXISTS=pthread_create   -o CMakeFiles/cmTryCompileExec1887743670.dir/CheckFunctionExists.c.o   -c /usr/share/cmake-2.8/Modules/CheckFunctionExists.c
Linking C executable cmTryCompileExec1887743670
/usr/bin/cmake -E cmake_link_script CMakeFiles/cmTryCompileExec1887743670.dir/link.txt --verbose=1
/home/sabina/SDKnao/linuxcross/cross/bin/i686-aldebaran-linux-gnu-gcc   --sysroot /home/sabina/SDKnao/linuxcross//sysroot/ -pipe -fomit-frame-pointer -fno-align-jumps -fno-align-functions -fno-align-labels -fno-align-loops -m32 -mtune=generic -DOE_CROSS_BUILD -DCHECK_FUNCTION_EXISTS=pthread_create  -Wl,--sysroot,/home/sabina/SDKnao/linuxcross//sysroot/ CMakeFiles/cmTryCompileExec1887743670.dir/CheckFunctionExists.c.o  -o cmTryCompileExec1887743670 -rdynamic -lpthread 
make[1]: Verzeichnis »/home/sabina/SDKnao/naoqi-sdk-linux/doc/examples/core/server/build-naotoolchain/CMakeFiles/CMakeTmp« wird verlassen


Determining if files pthread.h exist passed with the following output:
Change Dir: /home/sabina/SDKnao/naoqi-sdk-linux/doc/examples/core/server/build-naotoolchain/CMakeFiles/CMakeTmp

Run Build Command:/usr/bin/make "cmTryCompileExec276809651/fast"
/usr/bin/make -f CMakeFiles/cmTryCompileExec276809651.dir/build.make CMakeFiles/cmTryCompileExec276809651.dir/build
make[1]: Verzeichnis »/home/sabina/SDKnao/naoqi-sdk-linux/doc/examples/core/server/build-naotoolchain/CMakeFiles/CMakeTmp« wird betreten
/usr/bin/cmake -E cmake_progress_report /home/sabina/SDKnao/naoqi-sdk-linux/doc/examples/core/server/build-naotoolchain/CMakeFiles/CMakeTmp/CMakeFiles 1
Building C object CMakeFiles/cmTryCompileExec276809651.dir/CheckIncludeFiles.c.o
/home/sabina/SDKnao/linuxcross/cross/bin/i686-aldebaran-linux-gnu-gcc   --sysroot /home/sabina/SDKnao/linuxcross//sysroot/ -pipe -fomit-frame-pointer -fno-align-jumps -fno-align-functions -fno-align-labels -fno-align-loops -m32 -mtune=generic -DOE_CROSS_BUILD    -o CMakeFiles/cmTryCompileExec276809651.dir/CheckIncludeFiles.c.o   -c /home/sabina/SDKnao/naoqi-sdk-linux/doc/examples/core/server/build-naotoolchain/CMakeFiles/CMakeTmp/CheckIncludeFiles.c
Linking C executable cmTryCompileExec276809651
/usr/bin/cmake -E cmake_link_script CMakeFiles/cmTryCompileExec276809651.dir/link.txt --verbose=1
/home/sabina/SDKnao/linuxcross/cross/bin/i686-aldebaran-linux-gnu-gcc   --sysroot /home/sabina/SDKnao/linuxcross//sysroot/ -pipe -fomit-frame-pointer -fno-align-jumps -fno-align-functions -fno-align-labels -fno-align-loops -m32 -mtune=generic -DOE_CROSS_BUILD   -Wl,--sysroot,/home/sabina/SDKnao/linuxcross//sysroot/ CMakeFiles/cmTryCompileExec276809651.dir/CheckIncludeFiles.c.o  -o cmTryCompileExec276809651 -rdynamic 
make[1]: Verzeichnis »/home/sabina/SDKnao/naoqi-sdk-linux/doc/examples/core/server/build-naotoolchain/CMakeFiles/CMakeTmp« wird verlassen


Determining if the function pthread_create exists in the pthread passed with the following output:
Change Dir: /home/sabina/SDKnao/naoqi-sdk-linux/doc/examples/core/server/build-naotoolchain/CMakeFiles/CMakeTmp

Run Build Command:/usr/bin/make "cmTryCompileExec2776497702/fast"
/usr/bin/make -f CMakeFiles/cmTryCompileExec2776497702.dir/build.make CMakeFiles/cmTryCompileExec2776497702.dir/build
make[1]: Verzeichnis »/home/sabina/SDKnao/naoqi-sdk-linux/doc/examples/core/server/build-naotoolchain/CMakeFiles/CMakeTmp« wird betreten
/usr/bin/cmake -E cmake_progress_report /home/sabina/SDKnao/naoqi-sdk-linux/doc/examples/core/server/build-naotoolchain/CMakeFiles/CMakeTmp/CMakeFiles 1
Building C object CMakeFiles/cmTryCompileExec2776497702.dir/CheckFunctionExists.c.o
/home/sabina/SDKnao/linuxcross/cross/bin/i686-aldebaran-linux-gnu-gcc   --sysroot /home/sabina/SDKnao/linuxcross//sysroot/ -pipe -fomit-frame-pointer -fno-align-jumps -fno-align-functions -fno-align-labels -fno-align-loops -m32 -mtune=generic -DOE_CROSS_BUILD -DCHECK_FUNCTION_EXISTS=pthread_create   -o CMakeFiles/cmTryCompileExec2776497702.dir/CheckFunctionExists.c.o   -c /usr/share/cmake-2.8/Modules/CheckFunctionExists.c
Linking C executable cmTryCompileExec2776497702
/usr/bin/cmake -E cmake_link_script CMakeFiles/cmTryCompileExec2776497702.dir/link.txt --verbose=1
/home/sabina/SDKnao/linuxcross/cross/bin/i686-aldebaran-linux-gnu-gcc   --sysroot /home/sabina/SDKnao/linuxcross//sysroot/ -pipe -fomit-frame-pointer -fno-align-jumps -fno-align-functions -fno-align-labels -fno-align-loops -m32 -mtune=generic -DOE_CROSS_BUILD -DCHECK_FUNCTION_EXISTS=pthread_create  -Wl,--sysroot,/home/sabina/SDKnao/linuxcross//sysroot/ CMakeFiles/cmTryCompileExec2776497702.dir/CheckFunctionExists.c.o  -o cmTryCompileExec2776497702 -rdynamic -lpthread 
make[1]: Verzeichnis »/home/sabina/SDKnao/naoqi-sdk-linux/doc/examples/core/server/build-naotoolchain/CMakeFiles/CMakeTmp« wird verlassen


Determining if files pthread.h exist passed with the following output:
Change Dir: /home/sabina/SDKnao/naoqi-sdk-linux/doc/examples/core/server/build-naotoolchain/CMakeFiles/CMakeTmp

Run Build Command:/usr/bin/make "cmTryCompileExec98668472/fast"
/usr/bin/make -f CMakeFiles/cmTryCompileExec98668472.dir/build.make CMakeFiles/cmTryCompileExec98668472.dir/build
make[1]: Verzeichnis »/home/sabina/SDKnao/naoqi-sdk-linux/doc/examples/core/server/build-naotoolchain/CMakeFiles/CMakeTmp« wird betreten
/usr/bin/cmake -E cmake_progress_report /home/sabina/SDKnao/naoqi-sdk-linux/doc/examples/core/server/build-naotoolchain/CMakeFiles/CMakeTmp/CMakeFiles 1
Building C object CMakeFiles/cmTryCompileExec98668472.dir/CheckIncludeFiles.c.o
/home/sabina/SDKnao/linuxcross/cross/bin/i686-aldebaran-linux-gnu-gcc   --sysroot /home/sabina/SDKnao/linuxcross//sysroot/ -pipe -fomit-frame-pointer -fno-align-jumps -fno-align-functions -fno-align-labels -fno-align-loops -m32 -mtune=generic -DOE_CROSS_BUILD    -o CMakeFiles/cmTryCompileExec98668472.dir/CheckIncludeFiles.c.o   -c /home/sabina/SDKnao/naoqi-sdk-linux/doc/examples/core/server/build-naotoolchain/CMakeFiles/CMakeTmp/CheckIncludeFiles.c
Linking C executable cmTryCompileExec98668472
/usr/bin/cmake -E cmake_link_script CMakeFiles/cmTryCompileExec98668472.dir/link.txt --verbose=1
/home/sabina/SDKnao/linuxcross/cross/bin/i686-aldebaran-linux-gnu-gcc   --sysroot /home/sabina/SDKnao/linuxcross//sysroot/ -pipe -fomit-frame-pointer -fno-align-jumps -fno-align-functions -fno-align-labels -fno-align-loops -m32 -mtune=generic -DOE_CROSS_BUILD   -Wl,--sysroot,/home/sabina/SDKnao/linuxcross//sysroot/ CMakeFiles/cmTryCompileExec98668472.dir/CheckIncludeFiles.c.o  -o cmTryCompileExec98668472 -rdynamic 
make[1]: Verzeichnis »/home/sabina/SDKnao/naoqi-sdk-linux/doc/examples/core/server/build-naotoolchain/CMakeFiles/CMakeTmp« wird verlassen


Determining if the function pthread_create exists in the pthread passed with the following output:
Change Dir: /home/sabina/SDKnao/naoqi-sdk-linux/doc/examples/core/server/build-naotoolchain/CMakeFiles/CMakeTmp

Run Build Command:/usr/bin/make "cmTryCompileExec1857703875/fast"
/usr/bin/make -f CMakeFiles/cmTryCompileExec1857703875.dir/build.make CMakeFiles/cmTryCompileExec1857703875.dir/build
make[1]: Verzeichnis »/home/sabina/SDKnao/naoqi-sdk-linux/doc/examples/core/server/build-naotoolchain/CMakeFiles/CMakeTmp« wird betreten
/usr/bin/cmake -E cmake_progress_report /home/sabina/SDKnao/naoqi-sdk-linux/doc/examples/core/server/build-naotoolchain/CMakeFiles/CMakeTmp/CMakeFiles 1
Building C object CMakeFiles/cmTryCompileExec1857703875.dir/CheckFunctionExists.c.o
/home/sabina/SDKnao/linuxcross/cross/bin/i686-aldebaran-linux-gnu-gcc   --sysroot /home/sabina/SDKnao/linuxcross//sysroot/ -pipe -fomit-frame-pointer -fno-align-jumps -fno-align-functions -fno-align-labels -fno-align-loops -m32 -mtune=generic -DOE_CROSS_BUILD -DCHECK_FUNCTION_EXISTS=pthread_create   -o CMakeFiles/cmTryCompileExec1857703875.dir/CheckFunctionExists.c.o   -c /usr/share/cmake-2.8/Modules/CheckFunctionExists.c
Linking C executable cmTryCompileExec1857703875
/usr/bin/cmake -E cmake_link_script CMakeFiles/cmTryCompileExec1857703875.dir/link.txt --verbose=1
/home/sabina/SDKnao/linuxcross/cross/bin/i686-aldebaran-linux-gnu-gcc   --sysroot /home/sabina/SDKnao/linuxcross//sysroot/ -pipe -fomit-frame-pointer -fno-align-jumps -fno-align-functions -fno-align-labels -fno-align-loops -m32 -mtune=generic -DOE_CROSS_BUILD -DCHECK_FUNCTION_EXISTS=pthread_create  -Wl,--sysroot,/home/sabina/SDKnao/linuxcross//sysroot/ CMakeFiles/cmTryCompileExec1857703875.dir/CheckFunctionExists.c.o  -o cmTryCompileExec1857703875 -rdynamic -lpthread 
make[1]: Verzeichnis »/home/sabina/SDKnao/naoqi-sdk-linux/doc/examples/core/server/build-naotoolchain/CMakeFiles/CMakeTmp« wird verlassen


Determining if files pthread.h exist passed with the following output:
Change Dir: /home/sabina/SDKnao/naoqi-sdk-linux/doc/examples/core/server/build-naotoolchain/CMakeFiles/CMakeTmp

Run Build Command:/usr/bin/make "cmTryCompileExec3515978187/fast"
/usr/bin/make -f CMakeFiles/cmTryCompileExec3515978187.dir/build.make CMakeFiles/cmTryCompileExec3515978187.dir/build
make[1]: Verzeichnis »/home/sabina/SDKnao/naoqi-sdk-linux/doc/examples/core/server/build-naotoolchain/CMakeFiles/CMakeTmp« wird betreten
/usr/bin/cmake -E cmake_progress_report /home/sabina/SDKnao/naoqi-sdk-linux/doc/examples/core/server/build-naotoolchain/CMakeFiles/CMakeTmp/CMakeFiles 1
Building C object CMakeFiles/cmTryCompileExec3515978187.dir/CheckIncludeFiles.c.o
/home/sabina/SDKnao/linuxcross/cross/bin/i686-aldebaran-linux-gnu-gcc   --sysroot /home/sabina/SDKnao/linuxcross//sysroot/ -pipe -fomit-frame-pointer -fno-align-jumps -fno-align-functions -fno-align-labels -fno-align-loops -m32 -mtune=generic -DOE_CROSS_BUILD    -o CMakeFiles/cmTryCompileExec3515978187.dir/CheckIncludeFiles.c.o   -c /home/sabina/SDKnao/naoqi-sdk-linux/doc/examples/core/server/build-naotoolchain/CMakeFiles/CMakeTmp/CheckIncludeFiles.c
Linking C executable cmTryCompileExec3515978187
/usr/bin/cmake -E cmake_link_script CMakeFiles/cmTryCompileExec3515978187.dir/link.txt --verbose=1
/home/sabina/SDKnao/linuxcross/cross/bin/i686-aldebaran-linux-gnu-gcc   --sysroot /home/sabina/SDKnao/linuxcross//sysroot/ -pipe -fomit-frame-pointer -fno-align-jumps -fno-align-functions -fno-align-labels -fno-align-loops -m32 -mtune=generic -DOE_CROSS_BUILD   -Wl,--sysroot,/home/sabina/SDKnao/linuxcross//sysroot/ CMakeFiles/cmTryCompileExec3515978187.dir/CheckIncludeFiles.c.o  -o cmTryCompileExec3515978187 -rdynamic 
make[1]: Verzeichnis »/home/sabina/SDKnao/naoqi-sdk-linux/doc/examples/core/server/build-naotoolchain/CMakeFiles/CMakeTmp« wird verlassen


Determining if the function pthread_create exists in the pthread passed with the following output:
Change Dir: /home/sabina/SDKnao/naoqi-sdk-linux/doc/examples/core/server/build-naotoolchain/CMakeFiles/CMakeTmp

Run Build Command:/usr/bin/make "cmTryCompileExec1299706507/fast"
/usr/bin/make -f CMakeFiles/cmTryCompileExec1299706507.dir/build.make CMakeFiles/cmTryCompileExec1299706507.dir/build
make[1]: Verzeichnis »/home/sabina/SDKnao/naoqi-sdk-linux/doc/examples/core/server/build-naotoolchain/CMakeFiles/CMakeTmp« wird betreten
/usr/bin/cmake -E cmake_progress_report /home/sabina/SDKnao/naoqi-sdk-linux/doc/examples/core/server/build-naotoolchain/CMakeFiles/CMakeTmp/CMakeFiles 1
Building C object CMakeFiles/cmTryCompileExec1299706507.dir/CheckFunctionExists.c.o
/home/sabina/SDKnao/linuxcross/cross/bin/i686-aldebaran-linux-gnu-gcc   --sysroot /home/sabina/SDKnao/linuxcross//sysroot/ -pipe -fomit-frame-pointer -fno-align-jumps -fno-align-functions -fno-align-labels -fno-align-loops -m32 -mtune=generic -DOE_CROSS_BUILD -DCHECK_FUNCTION_EXISTS=pthread_create   -o CMakeFiles/cmTryCompileExec1299706507.dir/CheckFunctionExists.c.o   -c /usr/share/cmake-2.8/Modules/CheckFunctionExists.c
Linking C executable cmTryCompileExec1299706507
/usr/bin/cmake -E cmake_link_script CMakeFiles/cmTryCompileExec1299706507.dir/link.txt --verbose=1
/home/sabina/SDKnao/linuxcross/cross/bin/i686-aldebaran-linux-gnu-gcc   --sysroot /home/sabina/SDKnao/linuxcross//sysroot/ -pipe -fomit-frame-pointer -fno-align-jumps -fno-align-functions -fno-align-labels -fno-align-loops -m32 -mtune=generic -DOE_CROSS_BUILD -DCHECK_FUNCTION_EXISTS=pthread_create  -Wl,--sysroot,/home/sabina/SDKnao/linuxcross//sysroot/ CMakeFiles/cmTryCompileExec1299706507.dir/CheckFunctionExists.c.o  -o cmTryCompileExec1299706507 -rdynamic -lpthread 
make[1]: Verzeichnis »/home/sabina/SDKnao/naoqi-sdk-linux/doc/examples/core/server/build-naotoolchain/CMakeFiles/CMakeTmp« wird verlassen


Determining if files pthread.h exist passed with the following output:
Change Dir: /home/sabina/SDKnao/naoqi-sdk-linux/doc/examples/core/server/build-naotoolchain/CMakeFiles/CMakeTmp

Run Build Command:/usr/bin/make "cmTryCompileExec3304547413/fast"
/usr/bin/make -f CMakeFiles/cmTryCompileExec3304547413.dir/build.make CMakeFiles/cmTryCompileExec3304547413.dir/build
make[1]: Verzeichnis »/home/sabina/SDKnao/naoqi-sdk-linux/doc/examples/core/server/build-naotoolchain/CMakeFiles/CMakeTmp« wird betreten
/usr/bin/cmake -E cmake_progress_report /home/sabina/SDKnao/naoqi-sdk-linux/doc/examples/core/server/build-naotoolchain/CMakeFiles/CMakeTmp/CMakeFiles 1
Building C object CMakeFiles/cmTryCompileExec3304547413.dir/CheckIncludeFiles.c.o
/home/sabina/SDKnao/linuxcross/cross/bin/i686-aldebaran-linux-gnu-gcc   --sysroot /home/sabina/SDKnao/linuxcross//sysroot/ -pipe -fomit-frame-pointer -fno-align-jumps -fno-align-functions -fno-align-labels -fno-align-loops -m32 -mtune=generic -DOE_CROSS_BUILD    -o CMakeFiles/cmTryCompileExec3304547413.dir/CheckIncludeFiles.c.o   -c /home/sabina/SDKnao/naoqi-sdk-linux/doc/examples/core/server/build-naotoolchain/CMakeFiles/CMakeTmp/CheckIncludeFiles.c
Linking C executable cmTryCompileExec3304547413
/usr/bin/cmake -E cmake_link_script CMakeFiles/cmTryCompileExec3304547413.dir/link.txt --verbose=1
/home/sabina/SDKnao/linuxcross/cross/bin/i686-aldebaran-linux-gnu-gcc   --sysroot /home/sabina/SDKnao/linuxcross//sysroot/ -pipe -fomit-frame-pointer -fno-align-jumps -fno-align-functions -fno-align-labels -fno-align-loops -m32 -mtune=generic -DOE_CROSS_BUILD   -Wl,--sysroot,/home/sabina/SDKnao/linuxcross//sysroot/ CMakeFiles/cmTryCompileExec3304547413.dir/CheckIncludeFiles.c.o  -o cmTryCompileExec3304547413 -rdynamic 
make[1]: Verzeichnis »/home/sabina/SDKnao/naoqi-sdk-linux/doc/examples/core/server/build-naotoolchain/CMakeFiles/CMakeTmp« wird verlassen


Determining if the function pthread_create exists in the pthread passed with the following output:
Change Dir: /home/sabina/SDKnao/naoqi-sdk-linux/doc/examples/core/server/build-naotoolchain/CMakeFiles/CMakeTmp

Run Build Command:/usr/bin/make "cmTryCompileExec810950303/fast"
/usr/bin/make -f CMakeFiles/cmTryCompileExec810950303.dir/build.make CMakeFiles/cmTryCompileExec810950303.dir/build
make[1]: Verzeichnis »/home/sabina/SDKnao/naoqi-sdk-linux/doc/examples/core/server/build-naotoolchain/CMakeFiles/CMakeTmp« wird betreten
/usr/bin/cmake -E cmake_progress_report /home/sabina/SDKnao/naoqi-sdk-linux/doc/examples/core/server/build-naotoolchain/CMakeFiles/CMakeTmp/CMakeFiles 1
Building C object CMakeFiles/cmTryCompileExec810950303.dir/CheckFunctionExists.c.o
/home/sabina/SDKnao/linuxcross/cross/bin/i686-aldebaran-linux-gnu-gcc   --sysroot /home/sabina/SDKnao/linuxcross//sysroot/ -pipe -fomit-frame-pointer -fno-align-jumps -fno-align-functions -fno-align-labels -fno-align-loops -m32 -mtune=generic -DOE_CROSS_BUILD -DCHECK_FUNCTION_EXISTS=pthread_create   -o CMakeFiles/cmTryCompileExec810950303.dir/CheckFunctionExists.c.o   -c /usr/share/cmake-2.8/Modules/CheckFunctionExists.c
Linking C executable cmTryCompileExec810950303
/usr/bin/cmake -E cmake_link_script CMakeFiles/cmTryCompileExec810950303.dir/link.txt --verbose=1
/home/sabina/SDKnao/linuxcross/cross/bin/i686-aldebaran-linux-gnu-gcc   --sysroot /home/sabina/SDKnao/linuxcross//sysroot/ -pipe -fomit-frame-pointer -fno-align-jumps -fno-align-functions -fno-align-labels -fno-align-loops -m32 -mtune=generic -DOE_CROSS_BUILD -DCHECK_FUNCTION_EXISTS=pthread_create  -Wl,--sysroot,/home/sabina/SDKnao/linuxcross//sysroot/ CMakeFiles/cmTryCompileExec810950303.dir/CheckFunctionExists.c.o  -o cmTryCompileExec810950303 -rdynamic -lpthread 
make[1]: Verzeichnis »/home/sabina/SDKnao/naoqi-sdk-linux/doc/examples/core/server/build-naotoolchain/CMakeFiles/CMakeTmp« wird verlassen


Determining if files pthread.h exist passed with the following output:
Change Dir: /home/sabina/SDKnao/naoqi-sdk-linux/doc/examples/core/server/build-naotoolchain/CMakeFiles/CMakeTmp

Run Build Command:/usr/bin/make "cmTryCompileExec3463007190/fast"
/usr/bin/make -f CMakeFiles/cmTryCompileExec3463007190.dir/build.make CMakeFiles/cmTryCompileExec3463007190.dir/build
make[1]: Verzeichnis »/home/sabina/SDKnao/naoqi-sdk-linux/doc/examples/core/server/build-naotoolchain/CMakeFiles/CMakeTmp« wird betreten
/usr/bin/cmake -E cmake_progress_report /home/sabina/SDKnao/naoqi-sdk-linux/doc/examples/core/server/build-naotoolchain/CMakeFiles/CMakeTmp/CMakeFiles 1
Building C object CMakeFiles/cmTryCompileExec3463007190.dir/CheckIncludeFiles.c.o
/home/sabina/SDKnao/linuxcross/cross/bin/i686-aldebaran-linux-gnu-gcc   --sysroot /home/sabina/SDKnao/linuxcross//sysroot/ -pipe -fomit-frame-pointer -fno-align-jumps -fno-align-functions -fno-align-labels -fno-align-loops -m32 -mtune=generic -DOE_CROSS_BUILD    -o CMakeFiles/cmTryCompileExec3463007190.dir/CheckIncludeFiles.c.o   -c /home/sabina/SDKnao/naoqi-sdk-linux/doc/examples/core/server/build-naotoolchain/CMakeFiles/CMakeTmp/CheckIncludeFiles.c
Linking C executable cmTryCompileExec3463007190
/usr/bin/cmake -E cmake_link_script CMakeFiles/cmTryCompileExec3463007190.dir/link.txt --verbose=1
/home/sabina/SDKnao/linuxcross/cross/bin/i686-aldebaran-linux-gnu-gcc   --sysroot /home/sabina/SDKnao/linuxcross//sysroot/ -pipe -fomit-frame-pointer -fno-align-jumps -fno-align-functions -fno-align-labels -fno-align-loops -m32 -mtune=generic -DOE_CROSS_BUILD   -Wl,--sysroot,/home/sabina/SDKnao/linuxcross//sysroot/ CMakeFiles/cmTryCompileExec3463007190.dir/CheckIncludeFiles.c.o  -o cmTryCompileExec3463007190 -rdynamic 
make[1]: Verzeichnis »/home/sabina/SDKnao/naoqi-sdk-linux/doc/examples/core/server/build-naotoolchain/CMakeFiles/CMakeTmp« wird verlassen


Determining if the function pthread_create exists in the pthread passed with the following output:
Change Dir: /home/sabina/SDKnao/naoqi-sdk-linux/doc/examples/core/server/build-naotoolchain/CMakeFiles/CMakeTmp

Run Build Command:/usr/bin/make "cmTryCompileExec2962639251/fast"
/usr/bin/make -f CMakeFiles/cmTryCompileExec2962639251.dir/build.make CMakeFiles/cmTryCompileExec2962639251.dir/build
make[1]: Verzeichnis »/home/sabina/SDKnao/naoqi-sdk-linux/doc/examples/core/server/build-naotoolchain/CMakeFiles/CMakeTmp« wird betreten
/usr/bin/cmake -E cmake_progress_report /home/sabina/SDKnao/naoqi-sdk-linux/doc/examples/core/server/build-naotoolchain/CMakeFiles/CMakeTmp/CMakeFiles 1
Building C object CMakeFiles/cmTryCompileExec2962639251.dir/CheckFunctionExists.c.o
/home/sabina/SDKnao/linuxcross/cross/bin/i686-aldebaran-linux-gnu-gcc   --sysroot /home/sabina/SDKnao/linuxcross//sysroot/ -pipe -fomit-frame-pointer -fno-align-jumps -fno-align-functions -fno-align-labels -fno-align-loops -m32 -mtune=generic -DOE_CROSS_BUILD -DCHECK_FUNCTION_EXISTS=pthread_create   -o CMakeFiles/cmTryCompileExec2962639251.dir/CheckFunctionExists.c.o   -c /usr/share/cmake-2.8/Modules/CheckFunctionExists.c
Linking C executable cmTryCompileExec2962639251
/usr/bin/cmake -E cmake_link_script CMakeFiles/cmTryCompileExec2962639251.dir/link.txt --verbose=1
/home/sabina/SDKnao/linuxcross/cross/bin/i686-aldebaran-linux-gnu-gcc   --sysroot /home/sabina/SDKnao/linuxcross//sysroot/ -pipe -fomit-frame-pointer -fno-align-jumps -fno-align-functions -fno-align-labels -fno-align-loops -m32 -mtune=generic -DOE_CROSS_BUILD -DCHECK_FUNCTION_EXISTS=pthread_create  -Wl,--sysroot,/home/sabina/SDKnao/linuxcross//sysroot/ CMakeFiles/cmTryCompileExec2962639251.dir/CheckFunctionExists.c.o  -o cmTryCompileExec2962639251 -rdynamic -lpthread 
make[1]: Verzeichnis »/home/sabina/SDKnao/naoqi-sdk-linux/doc/examples/core/server/build-naotoolchain/CMakeFiles/CMakeTmp« wird verlassen


Determining if files pthread.h exist passed with the following output:
Change Dir: /home/sabina/SDKnao/naoqi-sdk-linux/doc/examples/core/server/build-naotoolchain/CMakeFiles/CMakeTmp

Run Build Command:/usr/bin/make "cmTryCompileExec3908301506/fast"
/usr/bin/make -f CMakeFiles/cmTryCompileExec3908301506.dir/build.make CMakeFiles/cmTryCompileExec3908301506.dir/build
make[1]: Verzeichnis »/home/sabina/SDKnao/naoqi-sdk-linux/doc/examples/core/server/build-naotoolchain/CMakeFiles/CMakeTmp« wird betreten
/usr/bin/cmake -E cmake_progress_report /home/sabina/SDKnao/naoqi-sdk-linux/doc/examples/core/server/build-naotoolchain/CMakeFiles/CMakeTmp/CMakeFiles 1
Building C object CMakeFiles/cmTryCompileExec3908301506.dir/CheckIncludeFiles.c.o
/home/sabina/SDKnao/linuxcross/cross/bin/i686-aldebaran-linux-gnu-gcc   --sysroot /home/sabina/SDKnao/linuxcross//sysroot/ -pipe -fomit-frame-pointer -fno-align-jumps -fno-align-functions -fno-align-labels -fno-align-loops -m32 -mtune=generic -DOE_CROSS_BUILD    -o CMakeFiles/cmTryCompileExec3908301506.dir/CheckIncludeFiles.c.o   -c /home/sabina/SDKnao/naoqi-sdk-linux/doc/examples/core/server/build-naotoolchain/CMakeFiles/CMakeTmp/CheckIncludeFiles.c
Linking C executable cmTryCompileExec3908301506
/usr/bin/cmake -E cmake_link_script CMakeFiles/cmTryCompileExec3908301506.dir/link.txt --verbose=1
/home/sabina/SDKnao/linuxcross/cross/bin/i686-aldebaran-linux-gnu-gcc   --sysroot /home/sabina/SDKnao/linuxcross//sysroot/ -pipe -fomit-frame-pointer -fno-align-jumps -fno-align-functions -fno-align-labels -fno-align-loops -m32 -mtune=generic -DOE_CROSS_BUILD   -Wl,--sysroot,/home/sabina/SDKnao/linuxcross//sysroot/ CMakeFiles/cmTryCompileExec3908301506.dir/CheckIncludeFiles.c.o  -o cmTryCompileExec3908301506 -rdynamic 
make[1]: Verzeichnis »/home/sabina/SDKnao/naoqi-sdk-linux/doc/examples/core/server/build-naotoolchain/CMakeFiles/CMakeTmp« wird verlassen


Determining if the function pthread_create exists in the pthread passed with the following output:
Change Dir: /home/sabina/SDKnao/naoqi-sdk-linux/doc/examples/core/server/build-naotoolchain/CMakeFiles/CMakeTmp

Run Build Command:/usr/bin/make "cmTryCompileExec111262039/fast"
/usr/bin/make -f CMakeFiles/cmTryCompileExec111262039.dir/build.make CMakeFiles/cmTryCompileExec111262039.dir/build
make[1]: Verzeichnis »/home/sabina/SDKnao/naoqi-sdk-linux/doc/examples/core/server/build-naotoolchain/CMakeFiles/CMakeTmp« wird betreten
/usr/bin/cmake -E cmake_progress_report /home/sabina/SDKnao/naoqi-sdk-linux/doc/examples/core/server/build-naotoolchain/CMakeFiles/CMakeTmp/CMakeFiles 1
Building C object CMakeFiles/cmTryCompileExec111262039.dir/CheckFunctionExists.c.o
/home/sabina/SDKnao/linuxcross/cross/bin/i686-aldebaran-linux-gnu-gcc   --sysroot /home/sabina/SDKnao/linuxcross//sysroot/ -pipe -fomit-frame-pointer -fno-align-jumps -fno-align-functions -fno-align-labels -fno-align-loops -m32 -mtune=generic -DOE_CROSS_BUILD -DCHECK_FUNCTION_EXISTS=pthread_create   -o CMakeFiles/cmTryCompileExec111262039.dir/CheckFunctionExists.c.o   -c /usr/share/cmake-2.8/Modules/CheckFunctionExists.c
Linking C executable cmTryCompileExec111262039
/usr/bin/cmake -E cmake_link_script CMakeFiles/cmTryCompileExec111262039.dir/link.txt --verbose=1
/home/sabina/SDKnao/linuxcross/cross/bin/i686-aldebaran-linux-gnu-gcc   --sysroot /home/sabina/SDKnao/linuxcross//sysroot/ -pipe -fomit-frame-pointer -fno-align-jumps -fno-align-functions -fno-align-labels -fno-align-loops -m32 -mtune=generic -DOE_CROSS_BUILD -DCHECK_FUNCTION_EXISTS=pthread_create  -Wl,--sysroot,/home/sabina/SDKnao/linuxcross//sysroot/ CMakeFiles/cmTryCompileExec111262039.dir/CheckFunctionExists.c.o  -o cmTryCompileExec111262039 -rdynamic -lpthread 
make[1]: Verzeichnis »/home/sabina/SDKnao/naoqi-sdk-linux/doc/examples/core/server/build-naotoolchain/CMakeFiles/CMakeTmp« wird verlassen


Determining if files pthread.h exist passed with the following output:
Change Dir: /home/sabina/SDKnao/naoqi-sdk-linux/doc/examples/core/server/build-naotoolchain/CMakeFiles/CMakeTmp

Run Build Command:/usr/bin/make "cmTryCompileExec3740631670/fast"
/usr/bin/make -f CMakeFiles/cmTryCompileExec3740631670.dir/build.make CMakeFiles/cmTryCompileExec3740631670.dir/build
make[1]: Verzeichnis »/home/sabina/SDKnao/naoqi-sdk-linux/doc/examples/core/server/build-naotoolchain/CMakeFiles/CMakeTmp« wird betreten
/usr/bin/cmake -E cmake_progress_report /home/sabina/SDKnao/naoqi-sdk-linux/doc/examples/core/server/build-naotoolchain/CMakeFiles/CMakeTmp/CMakeFiles 1
Building C object CMakeFiles/cmTryCompileExec3740631670.dir/CheckIncludeFiles.c.o
/home/sabina/SDKnao/linuxcross/cross/bin/i686-aldebaran-linux-gnu-gcc   --sysroot /home/sabina/SDKnao/linuxcross//sysroot/ -pipe -fomit-frame-pointer -fno-align-jumps -fno-align-functions -fno-align-labels -fno-align-loops -m32 -mtune=generic -DOE_CROSS_BUILD    -o CMakeFiles/cmTryCompileExec3740631670.dir/CheckIncludeFiles.c.o   -c /home/sabina/SDKnao/naoqi-sdk-linux/doc/examples/core/server/build-naotoolchain/CMakeFiles/CMakeTmp/CheckIncludeFiles.c
Linking C executable cmTryCompileExec3740631670
/usr/bin/cmake -E cmake_link_script CMakeFiles/cmTryCompileExec3740631670.dir/link.txt --verbose=1
/home/sabina/SDKnao/linuxcross/cross/bin/i686-aldebaran-linux-gnu-gcc   --sysroot /home/sabina/SDKnao/linuxcross//sysroot/ -pipe -fomit-frame-pointer -fno-align-jumps -fno-align-functions -fno-align-labels -fno-align-loops -m32 -mtune=generic -DOE_CROSS_BUILD   -Wl,--sysroot,/home/sabina/SDKnao/linuxcross//sysroot/ CMakeFiles/cmTryCompileExec3740631670.dir/CheckIncludeFiles.c.o  -o cmTryCompileExec3740631670 -rdynamic 
make[1]: Verzeichnis »/home/sabina/SDKnao/naoqi-sdk-linux/doc/examples/core/server/build-naotoolchain/CMakeFiles/CMakeTmp« wird verlassen


Determining if the function pthread_create exists in the pthread passed with the following output:
Change Dir: /home/sabina/SDKnao/naoqi-sdk-linux/doc/examples/core/server/build-naotoolchain/CMakeFiles/CMakeTmp

Run Build Command:/usr/bin/make "cmTryCompileExec2425278358/fast"
/usr/bin/make -f CMakeFiles/cmTryCompileExec2425278358.dir/build.make CMakeFiles/cmTryCompileExec2425278358.dir/build
make[1]: Verzeichnis »/home/sabina/SDKnao/naoqi-sdk-linux/doc/examples/core/server/build-naotoolchain/CMakeFiles/CMakeTmp« wird betreten
/usr/bin/cmake -E cmake_progress_report /home/sabina/SDKnao/naoqi-sdk-linux/doc/examples/core/server/build-naotoolchain/CMakeFiles/CMakeTmp/CMakeFiles 1
Building C object CMakeFiles/cmTryCompileExec2425278358.dir/CheckFunctionExists.c.o
/home/sabina/SDKnao/linuxcross/cross/bin/i686-aldebaran-linux-gnu-gcc   --sysroot /home/sabina/SDKnao/linuxcross//sysroot/ -pipe -fomit-frame-pointer -fno-align-jumps -fno-align-functions -fno-align-labels -fno-align-loops -m32 -mtune=generic -DOE_CROSS_BUILD -DCHECK_FUNCTION_EXISTS=pthread_create   -o CMakeFiles/cmTryCompileExec2425278358.dir/CheckFunctionExists.c.o   -c /usr/share/cmake-2.8/Modules/CheckFunctionExists.c
Linking C executable cmTryCompileExec2425278358
/usr/bin/cmake -E cmake_link_script CMakeFiles/cmTryCompileExec2425278358.dir/link.txt --verbose=1
/home/sabina/SDKnao/linuxcross/cross/bin/i686-aldebaran-linux-gnu-gcc   --sysroot /home/sabina/SDKnao/linuxcross//sysroot/ -pipe -fomit-frame-pointer -fno-align-jumps -fno-align-functions -fno-align-labels -fno-align-loops -m32 -mtune=generic -DOE_CROSS_BUILD -DCHECK_FUNCTION_EXISTS=pthread_create  -Wl,--sysroot,/home/sabina/SDKnao/linuxcross//sysroot/ CMakeFiles/cmTryCompileExec2425278358.dir/CheckFunctionExists.c.o  -o cmTryCompileExec2425278358 -rdynamic -lpthread 
make[1]: Verzeichnis »/home/sabina/SDKnao/naoqi-sdk-linux/doc/examples/core/server/build-naotoolchain/CMakeFiles/CMakeTmp« wird verlassen


Determining if files pthread.h exist passed with the following output:
Change Dir: /home/sabina/SDKnao/naoqi-sdk-linux/doc/examples/core/server/build-naotoolchain/CMakeFiles/CMakeTmp

Run Build Command:/usr/bin/make "cmTryCompileExec164091641/fast"
/usr/bin/make -f CMakeFiles/cmTryCompileExec164091641.dir/build.make CMakeFiles/cmTryCompileExec164091641.dir/build
make[1]: Verzeichnis »/home/sabina/SDKnao/naoqi-sdk-linux/doc/examples/core/server/build-naotoolchain/CMakeFiles/CMakeTmp« wird betreten
/usr/bin/cmake -E cmake_progress_report /home/sabina/SDKnao/naoqi-sdk-linux/doc/examples/core/server/build-naotoolchain/CMakeFiles/CMakeTmp/CMakeFiles 1
Building C object CMakeFiles/cmTryCompileExec164091641.dir/CheckIncludeFiles.c.o
/home/sabina/SDKnao/linuxcross/cross/bin/i686-aldebaran-linux-gnu-gcc   --sysroot /home/sabina/SDKnao/linuxcross//sysroot/ -pipe -fomit-frame-pointer -fno-align-jumps -fno-align-functions -fno-align-labels -fno-align-loops -m32 -mtune=generic -DOE_CROSS_BUILD    -o CMakeFiles/cmTryCompileExec164091641.dir/CheckIncludeFiles.c.o   -c /home/sabina/SDKnao/naoqi-sdk-linux/doc/examples/core/server/build-naotoolchain/CMakeFiles/CMakeTmp/CheckIncludeFiles.c
Linking C executable cmTryCompileExec164091641
/usr/bin/cmake -E cmake_link_script CMakeFiles/cmTryCompileExec164091641.dir/link.txt --verbose=1
/home/sabina/SDKnao/linuxcross/cross/bin/i686-aldebaran-linux-gnu-gcc   --sysroot /home/sabina/SDKnao/linuxcross//sysroot/ -pipe -fomit-frame-pointer -fno-align-jumps -fno-align-functions -fno-align-labels -fno-align-loops -m32 -mtune=generic -DOE_CROSS_BUILD   -Wl,--sysroot,/home/sabina/SDKnao/linuxcross//sysroot/ CMakeFiles/cmTryCompileExec164091641.dir/CheckIncludeFiles.c.o  -o cmTryCompileExec164091641 -rdynamic 
make[1]: Verzeichnis »/home/sabina/SDKnao/naoqi-sdk-linux/doc/examples/core/server/build-naotoolchain/CMakeFiles/CMakeTmp« wird verlassen


Determining if the function pthread_create exists in the pthread passed with the following output:
Change Dir: /home/sabina/SDKnao/naoqi-sdk-linux/doc/examples/core/server/build-naotoolchain/CMakeFiles/CMakeTmp

Run Build Command:/usr/bin/make "cmTryCompileExec3312342447/fast"
/usr/bin/make -f CMakeFiles/cmTryCompileExec3312342447.dir/build.make CMakeFiles/cmTryCompileExec3312342447.dir/build
make[1]: Verzeichnis »/home/sabina/SDKnao/naoqi-sdk-linux/doc/examples/core/server/build-naotoolchain/CMakeFiles/CMakeTmp« wird betreten
/usr/bin/cmake -E cmake_progress_report /home/sabina/SDKnao/naoqi-sdk-linux/doc/examples/core/server/build-naotoolchain/CMakeFiles/CMakeTmp/CMakeFiles 1
Building C object CMakeFiles/cmTryCompileExec3312342447.dir/CheckFunctionExists.c.o
/home/sabina/SDKnao/linuxcross/cross/bin/i686-aldebaran-linux-gnu-gcc   --sysroot /home/sabina/SDKnao/linuxcross//sysroot/ -pipe -fomit-frame-pointer -fno-align-jumps -fno-align-functions -fno-align-labels -fno-align-loops -m32 -mtune=generic -DOE_CROSS_BUILD -DCHECK_FUNCTION_EXISTS=pthread_create   -o CMakeFiles/cmTryCompileExec3312342447.dir/CheckFunctionExists.c.o   -c /usr/share/cmake-2.8/Modules/CheckFunctionExists.c
Linking C executable cmTryCompileExec3312342447
/usr/bin/cmake -E cmake_link_script CMakeFiles/cmTryCompileExec3312342447.dir/link.txt --verbose=1
/home/sabina/SDKnao/linuxcross/cross/bin/i686-aldebaran-linux-gnu-gcc   --sysroot /home/sabina/SDKnao/linuxcross//sysroot/ -pipe -fomit-frame-pointer -fno-align-jumps -fno-align-functions -fno-align-labels -fno-align-loops -m32 -mtune=generic -DOE_CROSS_BUILD -DCHECK_FUNCTION_EXISTS=pthread_create  -Wl,--sysroot,/home/sabina/SDKnao/linuxcross//sysroot/ CMakeFiles/cmTryCompileExec3312342447.dir/CheckFunctionExists.c.o  -o cmTryCompileExec3312342447 -rdynamic -lpthread 
make[1]: Verzeichnis »/home/sabina/SDKnao/naoqi-sdk-linux/doc/examples/core/server/build-naotoolchain/CMakeFiles/CMakeTmp« wird verlassen


Determining if files pthread.h exist passed with the following output:
Change Dir: /home/sabina/SDKnao/naoqi-sdk-linux/doc/examples/core/server/build-naotoolchain/CMakeFiles/CMakeTmp

Run Build Command:/usr/bin/make "cmTryCompileExec3419694196/fast"
/usr/bin/make -f CMakeFiles/cmTryCompileExec3419694196.dir/build.make CMakeFiles/cmTryCompileExec3419694196.dir/build
make[1]: Verzeichnis »/home/sabina/SDKnao/naoqi-sdk-linux/doc/examples/core/server/build-naotoolchain/CMakeFiles/CMakeTmp« wird betreten
/usr/bin/cmake -E cmake_progress_report /home/sabina/SDKnao/naoqi-sdk-linux/doc/examples/core/server/build-naotoolchain/CMakeFiles/CMakeTmp/CMakeFiles 1
Building C object CMakeFiles/cmTryCompileExec3419694196.dir/CheckIncludeFiles.c.o
/home/sabina/SDKnao/linuxcross/cross/bin/i686-aldebaran-linux-gnu-gcc   --sysroot /home/sabina/SDKnao/linuxcross//sysroot/ -pipe -fomit-frame-pointer -fno-align-jumps -fno-align-functions -fno-align-labels -fno-align-loops -m32 -mtune=generic -DOE_CROSS_BUILD    -o CMakeFiles/cmTryCompileExec3419694196.dir/CheckIncludeFiles.c.o   -c /home/sabina/SDKnao/naoqi-sdk-linux/doc/examples/core/server/build-naotoolchain/CMakeFiles/CMakeTmp/CheckIncludeFiles.c
Linking C executable cmTryCompileExec3419694196
/usr/bin/cmake -E cmake_link_script CMakeFiles/cmTryCompileExec3419694196.dir/link.txt --verbose=1
/home/sabina/SDKnao/linuxcross/cross/bin/i686-aldebaran-linux-gnu-gcc   --sysroot /home/sabina/SDKnao/linuxcross//sysroot/ -pipe -fomit-frame-pointer -fno-align-jumps -fno-align-functions -fno-align-labels -fno-align-loops -m32 -mtune=generic -DOE_CROSS_BUILD   -Wl,--sysroot,/home/sabina/SDKnao/linuxcross//sysroot/ CMakeFiles/cmTryCompileExec3419694196.dir/CheckIncludeFiles.c.o  -o cmTryCompileExec3419694196 -rdynamic 
make[1]: Verzeichnis »/home/sabina/SDKnao/naoqi-sdk-linux/doc/examples/core/server/build-naotoolchain/CMakeFiles/CMakeTmp« wird verlassen


Determining if the function pthread_create exists in the pthread passed with the following output:
Change Dir: /home/sabina/SDKnao/naoqi-sdk-linux/doc/examples/core/server/build-naotoolchain/CMakeFiles/CMakeTmp

Run Build Command:/usr/bin/make "cmTryCompileExec2296046099/fast"
/usr/bin/make -f CMakeFiles/cmTryCompileExec2296046099.dir/build.make CMakeFiles/cmTryCompileExec2296046099.dir/build
make[1]: Verzeichnis »/home/sabina/SDKnao/naoqi-sdk-linux/doc/examples/core/server/build-naotoolchain/CMakeFiles/CMakeTmp« wird betreten
/usr/bin/cmake -E cmake_progress_report /home/sabina/SDKnao/naoqi-sdk-linux/doc/examples/core/server/build-naotoolchain/CMakeFiles/CMakeTmp/CMakeFiles 1
Building C object CMakeFiles/cmTryCompileExec2296046099.dir/CheckFunctionExists.c.o
/home/sabina/SDKnao/linuxcross/cross/bin/i686-aldebaran-linux-gnu-gcc   --sysroot /home/sabina/SDKnao/linuxcross//sysroot/ -pipe -fomit-frame-pointer -fno-align-jumps -fno-align-functions -fno-align-labels -fno-align-loops -m32 -mtune=generic -DOE_CROSS_BUILD -DCHECK_FUNCTION_EXISTS=pthread_create   -o CMakeFiles/cmTryCompileExec2296046099.dir/CheckFunctionExists.c.o   -c /usr/share/cmake-2.8/Modules/CheckFunctionExists.c
Linking C executable cmTryCompileExec2296046099
/usr/bin/cmake -E cmake_link_script CMakeFiles/cmTryCompileExec2296046099.dir/link.txt --verbose=1
/home/sabina/SDKnao/linuxcross/cross/bin/i686-aldebaran-linux-gnu-gcc   --sysroot /home/sabina/SDKnao/linuxcross//sysroot/ -pipe -fomit-frame-pointer -fno-align-jumps -fno-align-functions -fno-align-labels -fno-align-loops -m32 -mtune=generic -DOE_CROSS_BUILD -DCHECK_FUNCTION_EXISTS=pthread_create  -Wl,--sysroot,/home/sabina/SDKnao/linuxcross//sysroot/ CMakeFiles/cmTryCompileExec2296046099.dir/CheckFunctionExists.c.o  -o cmTryCompileExec2296046099 -rdynamic -lpthread 
make[1]: Verzeichnis »/home/sabina/SDKnao/naoqi-sdk-linux/doc/examples/core/server/build-naotoolchain/CMakeFiles/CMakeTmp« wird verlassen


The target system is: Linux -  - i486
The host system is: Linux - 4.4.0-36-generic - i686
